A0A0N6WJC7	Other	1.0	-
A0A0U1RRE5	Other	1.0	-
A0A0U2X0E4	Other	1.0	-
A0FGR0	Other	1.0	-
A0JPD7	Transmembrane	0.95	-
A0SVK0	Other	1.0	-
A1Z6E0	Other	1.0	-
A1Z6J5	Other	1.0	-
A1Z7A8	Other	1.0	-
A1Z7Z9	Other	1.0	-
A1ZAK1	Other	1.0	-
A1ZAW5	Other	1.0	-
A2AUM9	Other	1.0	-
A2RVK7	Other	1.0	-
A2SXS5	Other	0.58	-
A2WXU2	Other	1.0	-
A2XA73	Other	0.99	-
A2Y3I2	Other	1.0	-
A3KMW7	Other	0.99	-
A4FVR1	Other	1.0	-
A4GCR5	Other	1.0	-
A4GVE9	Other	1.0	-
A4IFU8	Other	1.0	-
A5DSS9	Other	1.0	-
A5DXV0	Other	1.0	-
A6QR31	Other	1.0	-
A6ZJ71	Other	1.0	-
A6ZS79	Other	1.0	-
A6ZVL3	Other	1.0	-
A7MAS3	Other	1.0	-
A7TEW6	Other	1.0	-
A7TGF3	Other	1.0	-
A7UL74	Other	1.0	-
A8BQB4	Other	1.0	-
A8DYY5	Other	1.0	-
A8I4E9	Other	1.0	-
A8ICS9	Other	1.0	-
A8IF44	Other	0.95	-
A8IH47	Other	1.0	-
A8IRK7	Other	1.0	-
A8J666	Other	1.0	-
A8J8F6	Other	1.0	-
A8JF70	Other	1.0	-
A8MS85	Other	1.0	-
A8WSQ9	Transmembrane	0.75	-
A8WTV9	Other	1.0	-
A8XLS0	Other	1.0	-
A9LLI8	Transmembrane	0.95	-
A9Q1J7	Other	1.0	-
A9QM73	Other	1.0	-
A9ZSZ2	Other	1.0	-
B0DOB4	Other	1.0	-
B0K012	Other	1.0	-
B0R160	Other	1.0	-
B0Y6K1	Other	0.89	-
B1A193	Other	1.0	-
B1WC58	Other	1.0	-
B2AL40	Other	1.0	-
B2RD01	Other	1.0	-
B2RQL2	Other	0.76	-
B2RX88	Other	1.0	-
B2RXA1	Other	1.0	-
B2RZ50	Other	1.0	-
B3EWF7	Other	1.0	-
B3H469	Other	1.0	-
B4F7C4	Other	1.0	-
B4N0P7	Other	1.0	-
B5DF11	Other	1.0	-
B5X601	Other	1.0	-
B7F8P5	Other	1.0	-
B7F924	Other	1.0	-
B7SXM5	Other	0.97	-
B7Z0I7	Other	1.0	-
B7ZTR0	Other	1.0	-
B8A8D2	Other	1.0	-
B8AE37	Other	1.0	-
B8B4D0	Other	1.0	-
B8BDQ4	Other	1.0	-
B8JK76	Other	1.0	-
B8MYS5	Other	1.0	-
B8NJG5	Other	1.0	-
B9EJR8	Other	1.0	-
B9G5N1	Other	1.0	-
B9WJ66	Other	1.0	-
C0LU16	Other	1.0	-
C4LWQ8	Other	1.0	-
C4M1E4	Other	1.0	-
C4YNP4	Other	1.0	-
C5DJH5	Other	1.0	-
C5GFG2	Other	1.0	-
C7IVR4	Other	1.0	-
C8V3W6	Other	1.0	-
C8VQ72	Other	1.0	-
D2HS03	Other	1.0	-
D2I4M3	Other	1.0	-
D2J0Y4	Other	1.0	-
D3YZP9	Other	1.0	-
D3Z8E6	Other	1.0	-
D3ZKD3	Other	0.99	-
D3ZU57	Other	1.0	-
D3ZXW3	Other	1.0	-
D3ZYW7	Other	1.0	-
D4A5U3	Other	1.0	-
D4A702	Other	1.0	-
D4A770	Other	1.0	-
D4A7U2	Other	1.0	-
D4A8G3	Other	1.0	-
D4AAA5	Other	1.0	-
D4ABH7	Other	1.0	-
D4ABP9	Other	1.0	-
D4AE48	Other	1.0	-
D4AEP7	Other	1.0	-
D4P3R7	Other	1.0	-
D6RGH6	Other	1.0	-
D7UQ41	Other	0.94	-
E1BC52	Other	1.0	-
E1BDF2	Other	0.97	-
E1BGH8	Other	1.0	-
E1C2U2	Other	1.0	-
E2AB17	Other	0.87	-
E2RDV1	Other	1.0	-
E2RYF8	Other	1.0	-
E5FYH1	Other	1.0	-
E7F5E1	Other	1.0	-
E7FA21	Other	1.0	-
E7FDB3	Other	1.0	-
E7KIY3	Other	1.0	-
E9PVD1	Other	1.0	-
E9PVX6	Other	1.0	-
E9Q286	Other	1.0	-
E9Q5G7	Other	1.0	-
E9Q8I9	Other	1.0	-
F0JAI6	Other	1.0	-
F1MKX4	Other	1.0	-
F1ND48	Other	1.0	-
F1NW29	Other	1.0	-
F1Q514	Other	1.0	-
F1QN74	Other	1.0	-
F1R6N4	Other	1.0	-
F1SLM8	Other	1.0	-
F3Y5P4	Other	0.94	-
F4HQA1	Other	1.0	-
F4HRI2	Other	1.0	-
F4HXU3	Other	1.0	-
F4HXV6	Other	1.0	-
F4I169	Other	0.97	-
F4I1T7	Other	1.0	-
F4I2J8	Other	1.0	-
F4I4P3	Other	0.99	-
F4I6M4	Other	1.0	-
F4IDW9	Other	0.54	-
F4IDY7	Other	1.0	-
F4IFD0	Other	1.0	-
F4IGA5	Other	1.0	-
F4IHY7	Other	1.0	-
F4IK01	Other	1.0	-
F4IMQ0	Other	1.0	-
F4IQJ2	Other	1.0	-
F4IRQ5	Other	1.0	-
F4IVV0	Other	1.0	-
F4J284	Other	1.0	-
F4J8C6	Other	1.0	-
F4J8D3	Other	1.0	-
F4J8R4	Other	0.96	-
F4JCX9	Other	1.0	-
F4JGZ1	Other	1.0	-
F4JI44	Other	1.0	-
F4JIJ7	Other	1.0	-
F4JKB6	Other	1.0	-
F4JRR5	Other	1.0	-
F4JTJ9	Other	0.87	-
F4JU69	Other	0.85	-
F4JUQ2	Other	1.0	-
F4K1B1	Other	1.0	-
F4K2R6	Other	1.0	-
F4K460	Other	1.0	-
F4K5J1	Other	1.0	-
F4K5K6	Other	1.0	-
F4KBW6	Other	1.0	-
F4KDF5	Other	1.0	-
F4KF27	Other	1.0	-
F4KFT7	Other	0.88	-
F4KG50	Other	1.0	-
F4KIX1	Other	1.0	-
F5A894	Other	1.0	-
F6RRD7	Other	1.0	-
F6U5F9	Other	1.0	-
F6WXT2	Other	1.0	-
F7DF15	Other	1.0	-
F7DP49	Other	1.0	-
F8VPN2	Other	1.0	-
G0S215	Other	1.0	-
G0S2G1	Other	1.0	-
G0S2X1	Other	1.0	-
G0S488	Other	1.0	-
G0S4T0	Other	1.0	-
G0S616	Other	1.0	-
G0S8E7	Other	1.0	-
G0SEH7	Other	1.0	-
G0SF32	Other	1.0	-
G0SGK0	Other	1.0	-
G1SRW8	Other	1.0	-
G2TRL1	Other	1.0	-
G2TRL3	Other	1.0	-
G2TRL7	Other	1.0	-
G2X740	Other	1.0	-
G3UYX5	Other	1.0	-
G3V8Y7	Other	1.0	-
G3X912	Other	1.0	-
G4N5Q2	Other	1.0	-
G4RT11	Other	1.0	-
G5EDW7	Other	1.0	-
G5EFV3	Other	1.0	-
G5EG51	Other	1.0	-
H2L0H5	Other	1.0	-
H2MTR9	Other	1.0	-
H6D7E6	Other	1.0	-
H9IUR0	Other	1.0	-
I0J062	Other	0.98	-
I1RFC6	Other	1.0	-
I6WU39	Other	1.0	-
J4KLU1	Other	1.0	-
K7WDL7	Other	0.63	-
L0PQS5	Other	1.0	-
M0R7Z9	Other	1.0	-
M0RCP6	Other	1.0	-
M9NE38	Other	1.0	-
O01789	Other	1.0	-
O02039	Other	1.0	-
O04203	Other	1.0	-
O04211	Other	1.0	-
O04314	Other	1.0	-
O04326	Other	1.0	-
O17389	Other	1.0	-
O17828	Other	1.0	-
O22268	Other	1.0	-
O22765	Other	1.0	-
O22893	Other	1.0	-
O22975	Other	1.0	-
O23300	Other	1.0	-
O44548	Other	1.0	-
O44770	Other	1.0	-
O46089	Other	1.0	-
O48533	Other	1.0	-
O48724	Other	1.0	-
O48791	Other	1.0	-
O64728	Other	1.0	-
O64868	Other	1.0	-
O65902	Other	1.0	-
O80462	Other	1.0	-
O80588	Other	1.0	-
O80683	Other	1.0	-
O80877	Other	1.0	-
O81629	Other	1.0	-
O81787	Other	1.0	-
O81836	Other	1.0	-
O81851	Other	1.0	-
O82265	Other	1.0	-
O82645	Other	1.0	-
O96876	Other	1.0	-
P0CG13	Other	0.99	-
P0CH94	Other	1.0	-
P0CJ62	Other	1.0	-
P0CK98	Other	1.0	-
P0CL83	Other	1.0	-
P0CL96	Other	1.0	-
P0CM66	Other	1.0	-
P0CM74	Other	0.97	-
P0CM94	Other	1.0	-
P0CN12	Other	1.0	-
P0CN34	Other	1.0	-
P0CN56	Other	1.0	-
P0CN64	Other	1.0	-
P0CO14	Other	1.0	-
P0CO46	Other	1.0	-
P0CO72	Other	0.92	-
P0CP04	Other	1.0	-
P0CP16	Other	1.0	-
P0CP24	Other	1.0	-
P0CP40	Other	1.0	-
P0CP58	Other	1.0	-
P0CQ14	SignalPeptide	0.82	16
P0CR18	Other	1.0	-
P0CR52	Other	1.0	-
P0CR66	Other	1.0	-
P0CR86	Other	1.0	-
P0CS14	Other	1.0	-
P0CS84	Other	1.0	-
P0CS85	Other	1.0	-
P0CT23	Other	1.0	-
P0CT28	Other	0.99	-
P0CT46	Other	1.0	-
P0CT47	Other	0.98	-
P0CU36	Other	1.0	-
P0CW71	Other	0.72	-
P0CX37	Other	1.0	-
P0CX41	Other	0.97	-
P0CY06	Other	1.0	-
P0DH90	Other	1.0	-
P0DI83	Other	0.97	-
P0DJH6	Other	0.58	-
P0DJH7	Other	0.98	-
P0DJI6	Other	1.0	-
P0DKG3	Other	0.99	-
P0DKY8	Other	1.0	-
P0DL09	Other	1.0	-
P0DM65	Other	1.0	-
P0DMR3	Other	0.99	-
P86230	Other	1.0	-
P86345	Other	1.0	-
P86346	Other	1.0	-
P86981	Other	1.0	-
P94077	Other	1.0	-
Q059U7	Other	1.0	-
Q08A72	Other	1.0	-
Q08C76	Other	1.0	-
Q09EF7	Other	1.0	-
Q09LL3	Other	1.0	-
Q0CRX8	Other	1.0	-
Q0E908	Other	1.0	-
Q0IH24	Other	1.0	-
Q0II04	Other	1.0	-
Q0V842	Other	1.0	-
Q0WL81	Other	1.0	-
Q0WP44	Other	0.99	-
Q0WPZ7	Other	1.0	-
Q0WQ57	Other	1.0	-
Q0WQE7	Other	1.0	-
Q0WTP1	Other	0.98	-
Q0WW55	Other	1.0	-
Q10QA5	Other	1.0	-
Q157S1	Other	1.0	-
Q17695	Other	1.0	-
Q19541	Other	1.0	-
Q19555	Other	1.0	-
Q19642	Other	1.0	-
Q19787	Other	0.98	-
Q197W8	Other	1.0	-
Q19LA2	Other	1.0	-
Q1G3I2	Other	1.0	-
Q1T7F1	Other	1.0	-
Q1W6C3	Other	1.0	-
Q20374	Other	1.0	-
Q20849	Other	1.0	-
Q20898	Other	1.0	-
Q21691	Other	1.0	-
Q21738	Other	0.98	-
Q22557	Other	0.99	-
Q23H79	Other	1.0	-
Q24JJ9	Other	1.0	-
Q27YU7	Other	1.0	-
Q2HEW7	Other	1.0	-
Q2MGL3	Other	1.0	-
Q2QLY4	Other	1.0	-
Q2ULA2	Other	1.0	-
Q387H6	Other	1.0	-
Q38FI2	Other	1.0	-
Q39096	Other	1.0	-
Q3E7K4	Other	0.88	-
Q3E922	Other	1.0	-
Q3ED38	Other	1.0	-
Q3KNI6	Other	0.99	-
Q3UGC7	Other	1.0	-
Q3V0Q6	Other	1.0	-
Q3Y452	Other	1.0	-
Q45GQ7	Other	0.99	-
Q498G2	Other	1.0	-
Q4KL71	Other	1.0	-
Q4KWZ7	Other	0.93	-
Q4VRV8	Other	1.0	-
Q4WAY8	Other	1.0	-
Q54FX2	Other	1.0	-
Q564K3	Other	1.0	-
Q56Y52	Other	1.0	-
Q59PE4	Other	1.0	-
Q59RW5	Other	1.0	-
Q59UY7	Other	1.0	-
Q59WC6	Other	1.0	-
Q5AD56	Other	1.0	-
Q5AP80	Other	0.95	-
Q5B8L0	Other	1.0	-
Q5BPF3	Other	0.99	-
Q5BUB4	Other	1.0	-
Q5CPU3	Other	1.0	-
Q5DP50	Other	1.0	-
Q5EN53	Other	1.0	-
Q5IRJ7	Other	1.0	-
Q5M750	Other	1.0	-
Q5N829	Other	1.0	-
Q5PQQ9	Other	1.0	-
Q5SU73	Other	0.76	-
Q5SZT7	Other	1.0	-
Q5U3Z0	Other	1.0	-
Q5XVF0	Other	1.0	-
Q5ZC82	Other	1.0	-
Q5ZR76	Other	1.0	-
Q66KE8	Other	1.0	-
Q67Y69	Other	1.0	-
Q67Z52	Other	1.0	-
Q69T31	Other	1.0	-
Q69XJ0	Other	1.0	-
Q6AWY3	Other	0.99	-
Q6AZL2	Other	1.0	-
Q6CRN7	Other	1.0	-
Q6CVQ9	Other	1.0	-
Q6DBA5	Other	1.0	-
Q6DRC5	Other	0.99	-
Q6EPW7	Other	1.0	-
Q6F5E1	Other	1.0	-
Q6F6A2	Other	0.69	-
Q6FJL9	Other	1.0	-
Q6FKM8	Other	1.0	-
Q6FM84	Other	1.0	-
Q6FSH0	Other	1.0	-
Q6GLS8	Other	1.0	-
Q6GLZ5	Other	0.98	-
Q6GNV6	Other	1.0	-
Q6ID77	Other	1.0	-
Q6IDB0	Other	1.0	-
Q6K678	Other	1.0	-
Q6L589	Other	1.0	-
Q6NME7	Other	1.0	-
Q6NML5	Other	1.0	-
Q6NPF4	Other	1.0	-
Q6NQ54	Other	1.0	-
Q6NQ79	Other	1.0	-
Q6NQ99	Other	1.0	-
Q6NQL4	Other	1.0	-
Q6NYJ3	Other	1.0	-
Q6Q877	Other	1.0	-
Q6TXG9	Other	1.0	-
Q6UBQ3	Other	1.0	-
Q6VAK3	Other	1.0	-
Q6Z6S1	Other	1.0	-
Q6ZC03	Other	1.0	-
Q752E4	Other	1.0	-
Q758R0	Other	1.0	-
Q75BW4	Other	1.0	-
Q75HY5	Other	1.0	-
Q76CY8	Other	0.92	-
Q7FAD5	Other	1.0	-
Q7JKP6	Other	1.0	-
Q7K4B4	Other	1.0	-
Q7K556	Other	1.0	-
Q7PC79	Other	1.0	-
Q7SEZ0	Other	1.0	-
Q7SZK7	Other	1.0	-
Q7T0L4	Other	0.84	-
Q7X9B9	Other	1.0	-
Q7ZYP6	Other	1.0	-
Q84RF2	Other	1.0	-
Q84TH9	Other	1.0	-
Q84TI3	Other	1.0	-
Q84VW5	Other	1.0	-
Q84WL6	Other	1.0	-
Q8BVY0	Other	1.0	-
Q8C0R7	Other	0.94	-
Q8C3R1	Other	1.0	-
Q8CH19	Other	1.0	-
Q8GUC3	Other	1.0	-
Q8GUL2	Other	1.0	-
Q8GVZ6	Other	1.0	-
Q8GW31	Other	1.0	-
Q8GW32	Other	1.0	-
Q8GWE6	Other	1.0	-
Q8GWQ6	Other	1.0	-
Q8GYF7	Other	1.0	-
Q8GYM3	Other	1.0	-
Q8H0V4	Other	1.0	-
Q8H181	Other	1.0	-
Q8H1U4	Other	0.56	-
Q8H1U5	Other	1.0	-
Q8H3A7	Other	0.98	-
Q8L557	Other	1.0	-
Q8L5R3	Other	1.0	-
Q8L748	Other	1.0	-
Q8L7N3	Other	1.0	-
Q8L981	Other	1.0	-
Q8L9Y2	Other	1.0	-
Q8LCH5	Other	1.0	-
Q8LFW5	Other	1.0	-
Q8MSU4	Other	1.0	-
Q8NBC4	Other	0.95	-
Q8R2U2	Other	1.0	-
Q8RWH9	Other	0.97	-
Q8RWJ7	Other	1.0	-
Q8RWK8	Other	1.0	-
Q8RXH2	Other	1.0	-
Q8RXH8	Other	1.0	-
Q8RY59	Other	1.0	-
Q8S2G5	Other	0.86	-
Q8S4Q6	Other	1.0	-
Q8S9Z2	Other	0.97	-
Q8SX86	Other	1.0	-
Q8SY33	Other	1.0	-
Q8SZZ8	Other	1.0	-
Q8VI93	Other	1.0	-
Q8VWG4	Other	1.0	-
Q8VXG7	Other	1.0	-
Q8VY89	Other	1.0	-
Q8VYD3	Other	1.0	-
Q8VYI5	Other	1.0	-
Q8VZ20	Other	1.0	-
Q8VZ59	Other	1.0	-
Q8VZK0	Other	1.0	-
Q8VZN1	Other	1.0	-
Q93VM9	Other	1.0	-
Q93YV0	Other	1.0	-
Q945P1	Other	1.0	-
Q94A79	Other	1.0	-
Q94AD1	Other	1.0	-
Q94AF0	Other	1.0	-
Q94BP7	Other	1.0	-
Q94CG5	Other	1.0	-
Q94K49	Other	1.0	-
Q95QK3	Other	1.0	-
Q95XA8	Other	1.0	-
Q95XR4	Other	1.0	-
Q95YE2	Other	1.0	-
Q95ZK7	Other	1.0	-
Q9AV28	Other	1.0	-
Q9AVJ9	Other	1.0	-
Q9C552	Other	1.0	-
Q9C5W0	Other	1.0	-
Q9C689	Other	1.0	-
Q9C7C4	Other	1.0	-
Q9C882	Other	1.0	-
Q9C8E6	Other	1.0	-
Q9C8M4	Other	1.0	-
Q9C928	Other	1.0	-
Q9C950	Other	1.0	-
Q9C9X0	Other	1.0	-
Q9D4G2	Other	1.0	-
Q9D9U4	Other	1.0	-
Q9FFF9	Other	1.0	-
Q9FFJ8	Other	1.0	-
Q9FFK6	Other	1.0	-
Q9FG37	Other	1.0	-
Q9FHM5	Other	1.0	-
Q9FHP1	Other	1.0	-
Q9FHX8	Other	1.0	-
Q9FI55	Transmembrane	0.99	-
Q9FJF4	Other	1.0	-
Q9FJH5	Other	1.0	-
Q9FKL6	Other	1.0	-
Q9FKV5	Other	1.0	-
Q9FMB4	Other	1.0	-
Q9FMV4	Other	1.0	-
Q9FNN3	Other	1.0	-
Q9FNZ4	Other	1.0	-
Q9FNZ5	Other	1.0	-
Q9FPF0	Other	1.0	-
Q9FQ25	Other	1.0	-
Q9FRL5	Other	1.0	-
Q9FVV7	Other	1.0	-
Q9FVW4	Other	1.0	-
Q9LDH1	Other	1.0	-
Q9LF24	Other	0.99	-
Q9LFA5	Other	1.0	-
Q9LGE3	Other	1.0	-
Q9LHF5	Other	1.0	-
Q9LHN9	Other	1.0	-
Q9LIE6	Other	1.0	-
Q9LJ97	Other	1.0	-
Q9LJB7	Other	1.0	-
Q9LJG6	Other	1.0	-
Q9LJG8	Other	1.0	-
Q9LK18	Transmembrane	0.77	-
Q9LL85	Other	1.0	-
Q9LME6	Other	1.0	-
Q9LPP4	Other	1.0	-
Q9LQF2	Other	1.0	-
Q9LRZ3	Other	1.0	-
Q9LS90	Other	1.0	-
Q9LTJ1	Other	1.0	-
Q9LTJ8	Other	1.0	-
Q9LTT8	Other	1.0	-
Q9LTY1	Other	1.0	-
Q9LUA3	Other	1.0	-
Q9LUB7	Other	1.0	-
Q9LUG9	Other	0.98	-
Q9LUR0	Other	1.0	-
Q9LVA7	Other	1.0	-
Q9LW12	Other	1.0	-
Q9LXG9	Other	1.0	-
Q9LXI8	Other	1.0	-
Q9LXJ1	Other	1.0	-
Q9LXK1	Other	1.0	-
Q9LXR7	Other	1.0	-
Q9LY15	Other	1.0	-
Q9LYD9	Other	1.0	-
Q9LYK7	Other	1.0	-
Q9LZ00	Other	1.0	-
Q9LZ60	Other	1.0	-
Q9LZW2	Other	1.0	-
Q9LZY0	Other	1.0	-
Q9M0B9	Other	1.0	-
Q9M1S9	Other	1.0	-
Q9M209	Other	1.0	-
Q9M2U3	Other	0.96	-
Q9M365	Other	1.0	-
Q9M811	Other	1.0	-
Q9M8L4	Other	1.0	-
Q9M8T6	Other	1.0	-
Q9MA74	Other	1.0	-
Q9PT63	Other	1.0	-
Q9QUI1	Other	1.0	-
Q9S7H4	Other	1.0	-
Q9S7N2	Other	1.0	-
Q9S816	Other	1.0	-
Q9SA49	Other	1.0	-
Q9SB00	Other	1.0	-
Q9SB64	Other	1.0	-
Q9SD40	Other	1.0	-
Q9SG02	Other	1.0	-
Q9SGQ0	Other	1.0	-
Q9SIV2	Other	1.0	-
Q9SIY3	Other	0.95	-
Q9SJM4	Other	1.0	-
Q9SJU5	Other	1.0	-
Q9SJW3	Other	1.0	-
Q9SJZ6	Other	1.0	-
Q9SKE2	Other	1.0	-
Q9SKN2	Other	1.0	-
Q9SKX1	Other	1.0	-
Q9SLB9	Other	1.0	-
Q9SLJ2	Other	1.0	-
Q9SMR2	Other	1.0	-
Q9SPU7	Other	1.0	-
Q9SRL4	Other	1.0	-
Q9SRV5	Other	1.0	-
Q9SRX6	Other	1.0	-
Q9STN7	Other	1.0	-
Q9SU71	Other	1.0	-
Q9SU75	Other	1.0	-
Q9SUM4	Other	1.0	-
Q9SUV9	Other	1.0	-
Q9SVM9	Other	1.0	-
Q9SWA6	Other	1.0	-
Q9SX41	Other	0.99	-
Q9SX73	Other	1.0	-
Q9SY12	Other	1.0	-
Q9SYD8	Other	1.0	-
Q9SYG2	Other	1.0	-
Q9SYL8	Other	1.0	-
Q9SYQ0	Other	1.0	-
Q9SZG3	Other	1.0	-
Q9U2M1	Other	1.0	-
Q9UN81	Other	1.0	-
Q9VAF7	Other	1.0	-
Q9VAP2	Other	0.99	-
Q9VCU7	Other	1.0	-
Q9VH20	Other	1.0	-
Q9VH89	Other	1.0	-
Q9VKD6	Other	1.0	-
Q9VL52	Other	1.0	-
Q9VNP5	Other	1.0	-
Q9VPU8	Other	1.0	-
Q9VPY0	Other	1.0	-
Q9VQD6	Other	1.0	-
Q9VQF7	Other	1.0	-
Q9VR19	Other	0.99	-
Q9VR35	Other	1.0	-
Q9VT41	Other	1.0	-
Q9VV74	Other	1.0	-
Q9VVX0	Other	1.0	-
Q9VW27	Other	1.0	-
Q9VZ09	Other	1.0	-
Q9W0G6	Other	1.0	-
Q9W0G7	Other	1.0	-
Q9W0S8	Other	1.0	-
Q9W1R4	Other	1.0	-
Q9W2H9	Other	1.0	-
Q9W2P0	Other	1.0	-
Q9W3E1	Other	1.0	-
Q9W3Y4	Other	1.0	-
Q9W4M8	Other	1.0	-
Q9WVR8	Other	0.58	-
Q9XGP7	Other	1.0	-
Q9XIM0	Other	1.0	-
Q9XIP5	Other	1.0	-
Q9XIP8	Other	1.0	-
Q9XUB3	Other	0.54	-
Q9XUC2	Other	0.98	-
Q9XW13	Other	1.0	-
Q9ZU26	Other	1.0	-
Q9ZUI9	Other	1.0	-
S0E3H0	Other	1.0	-
U3H042	Other	1.0	-
