G3KIM7	Other	0.99	-
G3KIM8	Other	0.99	-
A3DCG2	Transmembrane	0.87	-
B3EYM8	Other	0.99	-
Q09LX1	Other	0.99	-
A0QDH4	Other	0.99	-
A1SCM2	Other	0.99	-
H6LGM8	Other	0.99	-
Q81SW4	Other	0.99	-
Q819W8	Other	0.99	-
E0TY11	Other	0.99	-
P0CI78	Other	0.99	-
E8MF11	Other	0.99	-
Q8G3M4	Other	0.99	-
C7PVV3	Other	0.99	-
Q97ML3	Other	0.99	-
P0DKS5	Other	0.99	-
P0DKS9	Other	0.99	-
Q250Q5	Other	0.99	-
A4J778	Other	0.99	-
Q834R1	Other	0.99	-
Q715L4	Other	0.99	-
Q042B4	Other	0.99	-
Q9CHN9	Other	0.99	-
Q9ZJ19	Other	0.92	-
P86897	Other	0.87	-
Q92ET9	Other	0.99	-
Q92EU2	Other	0.99	-
Q92EU3	Other	0.99	-
C5C7X8	Other	0.99	-
A1KG37	Other	0.99	-
A1KHN9	Other	0.99	-
B2HSU5	Other	0.99	-
A0QNH4	Other	0.99	-
A0QNH6	Other	0.99	-
A0QNI5	Other	0.99	-
A0QTG3	Other	0.99	-
A0QTT1	Other	0.99	-
A0QZ12	Other	0.99	-
A5U4H7	Other	0.99	-
L0T905	Other	0.99	-
O05886	Other	0.99	-
O53193	Other	0.99	-
P0DKR7	Other	0.99	-
P71590	Other	0.99	-
P9WF28	Other	0.99	-
P9WF36	Other	0.99	-
P9WFC4	Other	0.99	-
P9WFC6	Other	0.99	-
P9WFE0	Other	0.99	-
P9WFE2	Other	0.99	-
P9WFE4	Other	0.8	-
P9WFE6	Other	0.99	-
P9WFE8	Other	0.99	-
P9WFF0	Other	0.99	-
P9WFQ8	Other	0.99	-
P9WFS6	Other	0.99	-
P9WG32	Other	0.99	-
P9WG42	Other	0.99	-
P9WG52	Other	0.94	-
P9WG72	Other	0.94	-
P9WGA2	Other	0.99	-
P9WGA4	Other	0.99	-
P9WGC8	Other	0.99	-
P9WGD2	Other	0.99	-
P9WGD6	Other	0.99	-
P9WGF2	Other	0.99	-
P9WGI0	Other	0.97	-
P9WGJ4	Other	0.99	-
P9WGK2	Other	0.99	-
P9WGV6	Other	0.99	-
P9WGX0	Other	0.99	-
P9WGX8	Other	0.99	-
P9WH00	Other	0.99	-
P9WH04	Other	0.99	-
P9WH06	Other	0.99	-
P9WH14	Other	0.99	-
P9WH16	Other	0.99	-
P9WH18	Other	0.99	-
P9WHH0	Other	0.99	-
P9WHI0	Other	0.99	-
P9WHI8	Other	0.99	-
P9WHJ2	Other	0.99	-
P9WHJ6	Other	0.98	-
P9WHK4	Other	0.99	-
P9WHL4	Other	0.99	-
P9WHL6	Other	0.99	-
P9WHN2	Other	0.99	-
P9WHT2	Other	0.98	-
P9WHT6	Other	0.99	-
P9WHU8	Other	0.99	-
P9WI96	Other	0.99	-
P9WIA2	Other	0.99	-
P9WIC0	Other	0.99	-
P9WIK2	Other	0.99	-
P9WIL0	Other	0.98	-
P9WIL2	Other	0.99	-
P9WIL4	Other	0.99	-
P9WIL6	Other	0.99	-
P9WIP6	Other	0.99	-
P9WIU0	Other	0.99	-
P9WIV2	Other	0.99	-
P9WIY4	Other	0.93	-
P9WJB6	Other	0.99	-
P9WJC6	Other	0.99	-
P9WJJ8	Other	0.97	-
P9WJK0	Other	0.99	-
P9WJL2	Other	0.99	-
P9WJL8	Other	0.97	-
P9WJN8	Other	0.99	-
P9WJP0	Other	0.96	-
P9WJQ8	Other	0.99	-
P9WJW4	Other	0.99	-
P9WJY8	Other	0.99	-
P9WK04	Other	0.99	-
P9WK22	Other	0.97	-
P9WK26	Other	0.99	-
P9WK82	Other	0.99	-
P9WK90	Other	0.99	-
P9WKE6	Other	0.99	-
P9WKK4	Other	0.99	-
P9WMJ4	Other	0.99	-
P9WMJ6	Other	0.99	-
P9WML8	Other	0.99	-
P9WMM0	Other	0.99	-
P9WMM6	Other	0.99	-
P9WMM8	Other	0.99	-
P9WMN0	Other	0.99	-
P9WMN8	Other	0.98	-
P9WMQ4	Other	0.99	-
P9WMT0	Other	0.99	-
P9WMT2	Other	0.99	-
P9WMT4	Other	0.99	-
P9WMU4	Other	0.98	-
P9WMV2	Other	0.99	-
P9WN48	Other	0.99	-
P9WN62	Other	0.99	-
P9WN74	Other	0.99	-
P9WN84	Other	0.99	-
P9WN86	Other	0.99	-
P9WNF0	Other	0.99	-
P9WNR8	Other	0.99	-
P9WNT2	Other	0.93	-
P9WNU0	Other	0.99	-
P9WNV8	Other	0.99	-
P9WNW2	Other	0.99	-
P9WP18	Other	0.97	-
P9WP22	Other	0.99	-
P9WP24	SignalPeptide	0.79	34
P9WP30	Other	0.99	-
P9WP48	Other	0.99	-
P9WP98	Other	0.99	-
P9WPA0	Other	0.99	-
P9WPA2	Other	0.99	-
P9WPA6	Other	0.99	-
P9WPA8	Other	0.93	-
P9WPC2	Other	0.99	-
P9WPI2	Other	0.99	-
P9WPQ4	SignalPeptide	0.85	34
P9WPW6	Other	0.99	-
P9WPX8	Other	0.99	-
P9WPY2	Other	0.99	-
P9WPY4	Other	0.97	-
P9WPZ8	Other	0.93	-
P9WQ00	Other	0.99	-
P9WQ54	Other	0.99	-
P9WQ72	Other	0.99	-
P9WQ88	Other	0.99	-
P9WQ90	Other	0.99	-
P9WQC6	Other	0.99	-
P9WQD2	Other	0.99	-
P9WQF0	Other	0.99	-
P9WQF2	Other	0.99	-
P9WQP6	Other	0.89	-
A1TAP4	Other	0.99	-
G2SYN4	Other	0.99	-
P0DKY4	Other	0.99	-
B9DK35	Other	0.99	-
A8AYK5	Other	0.99	-
Q04J42	Other	0.99	-
Q8CWP9	Other	0.99	-
Q8DPI7	Other	0.99	-
Q97P97	Other	0.99	-
P0CZ44	Other	0.99	-
P0CZ50	Other	0.99	-
P0CZ64	Other	0.99	-
P0CZ82	Other	0.99	-
P0DA42	Other	0.99	-
P0DA60	Other	0.99	-
P0DA80	Other	0.99	-
P0DB02	Other	0.99	-
P0DB34	Other	0.95	-
P0DB36	Other	0.99	-
P0DB44	Other	0.99	-
P0DB68	Other	0.94	-
P0DB72	Other	0.99	-
P0DB74	Other	0.99	-
P0DB76	Other	0.99	-
P0DB94	Other	0.99	-
P0DB96	Other	0.99	-
P0DC00	Other	0.99	-
P0DC34	Other	0.99	-
P0DC44	Other	0.99	-
P0DC82	Other	0.99	-
P0DC92	Other	0.99	-
P0DD08	Other	0.99	-
P0DD18	Other	0.99	-
P0DD20	Other	0.98	-
P0DD62	Other	0.99	-
P0DD90	Other	0.99	-
P0DD92	Other	0.99	-
P0DF04	Other	0.99	-
P0DF06	Other	0.99	-
P0DF08	Other	0.99	-
P0DF18	Other	0.82	-
P0DF42	Other	0.99	-
P0DF44	Other	0.99	-
P0DF46	Other	0.99	-
P0DF62	Other	0.99	-
P0DF64	Other	0.99	-
P0DF68	Other	0.99	-
P0DF74	Other	0.99	-
P0DF94	Other	0.99	-
P0DG00	Other	0.99	-
P0DG12	Other	0.99	-
P0DG20	Other	0.99	-
P0DG22	Other	0.99	-
P0DG98	Other	0.99	-
P0DH02	Other	0.99	-
P0DH36	Other	0.99	-
P0DH44	Other	0.86	-
P0DH46	Other	0.99	-
P0DH50	Other	0.99	-
P0DH52	Other	0.99	-
Q99XR4	Other	0.99	-
Q8CJR5	Other	0.99	-
B1VLT7	Other	0.99	-
Q9L9F1	Other	0.99	-
Q8GED9	Other	0.99	-
P74838	Other	0.99	-
