B8F853	Other	0.96	-
P70752	Other	0.96	-
Q9X404	Other	0.96	-
Q9X405	Other	0.96	-
Q12E50	Other	0.96	-
D7UNT2	Other	0.65	-
G4V4G2	Other	0.96	-
A0KYQ5	Other	0.96	-
A0KYQ6	Other	0.96	-
P73389	Other	0.95	-
P73658	Other	0.96	-
P73722	Other	0.96	-
C7JGP5	Other	0.96	-
A3M3K6	Other	0.96	-
Q6FEP2	Other	0.89	-
A3N2T3	Other	0.96	-
B3H2N1	Other	0.96	-
O69199	Other	0.96	-
Q5P5G3	Other	0.96	-
Q5P5G4	Other	0.96	-
Q5P5G5	Other	0.96	-
Q5P5G6	Other	0.96	-
Q44501	Other	0.96	-
E1WNR6	Other	0.96	-
A0A087WNH6	Other	0.96	-
Q2YKV1	Other	0.96	-
Q2YQA5	Other	0.95	-
Q39LF8	Other	0.96	-
I1WFB9	Other	0.96	-
A4JS72	Other	0.96	-
B3PIL7	Other	0.96	-
Q1QWP1	Other	0.96	-
D2TN58	Other	0.96	-
D2TS86	Other	0.96	-
Q47CW9	Other	0.95	-
P94692	Other	0.95	-
T2G6Z9	Other	0.96	-
T2G899	Other	0.96	-
Q72CB8	Other	0.96	-
Q2NAK3	Other	0.96	-
B7UJE2	Other	0.96	-
P0DKB3	Other	0.93	-
P0DM85	Other	0.96	-
Q8FDB5	Other	0.96	-
Q8RH71	Other	0.96	-
Q0BST5	Other	0.96	-
E1V7V8	Other	0.96	-
E1V7V9	Other	0.96	-
E1V7W0	Other	0.96	-
E1VBK4	Other	0.89	-
B9XZG7	Other	0.96	-
O25343	Other	0.96	-
B5XRA9	Other	0.96	-
Q1INB1	Other	0.96	-
A9KM56	Other	0.96	-
O06924	Other	0.96	-
O06928	Other	0.96	-
O06930	Other	0.96	-
F2JXJ2	Other	0.96	-
C5B135	Other	0.96	-
C5B137	Other	0.96	-
C5B138	Other	0.95	-
D5V9A9	Other	0.95	-
Q9JYY8	Other	0.96	-
Q9K0V4	Other	0.96	-
D5C1K8	Other	0.96	-
B2J528	Other	0.96	-
Q58Y43	Other	0.96	-
Q9XB59	Other	0.96	-
Q182W3	Other	0.96	-
Q9HUF7	Other	0.96	-
Q88LK1	Other	0.96	-
A4VFY3	Other	0.96	-
A1SX24	Other	0.96	-
Q2K619	Other	0.96	-
Q6N8N2	Other	0.96	-
Q5LS56	Other	0.96	-
A9ML30	Other	0.96	-
A0A0F6B244	Other	0.96	-
D0ZSY9	Other	0.96	-
Q7CP78	Other	0.96	-
Q12MQ7	Other	0.96	-
Q2NR38	Other	0.96	-
Q8DLQ0	Other	0.95	-
Q9WXT2	Other	0.96	-
Q9WZM6	Other	0.96	-
Q9WZX7	Other	0.96	-
Q9X0X1	Other	0.96	-
Q53W05	Other	0.96	-
Q5SHZ4	Other	0.96	-
Q5SII2	Other	0.96	-
Q5SJV1	Other	0.96	-
Q72HA9	Other	0.96	-
Q746I8	Other	0.96	-
Q84FH6	Other	0.96	-
C6YCI2	Other	0.96	-
Q9KUA9	Other	0.96	-
Q87RD1	Other	0.96	-
Q7CKM4	Other	0.96	-
