A0A0A1H8I4	SignalPeptide	0.85	22
C6XZB6	SignalPeptide	0.88	25
D3RVD4	SignalPeptide	0.83	27
E1XUJ2	SignalPeptide	0.88	26
G1UBD1	SignalPeptide	0.88	24
G3XDA8	SignalPeptide	0.88	24
I0J1I6	SignalPeptide	0.88	23
O33434	SignalPeptide	0.88	26
P95470	SignalPeptide	0.82	31
Q05JY7	SignalPeptide	0.88	25
Q47910	SignalPeptide	0.88	21
Q52VH2	SignalPeptide	0.88	26
Q588Z2	SignalPeptide	0.88	34
Q59289	SignalPeptide	0.88	24
Q72EC8	Transmembrane	0.77	-
Q7MSJ8	Transmembrane	0.82	-
Q8RS40	SignalPeptide	0.88	22
Q9F437	SignalPeptide	0.88	22
Q9HVD1	SignalPeptide	0.88	23
Q9HZQ8	SignalPeptide	0.88	24
Q9I589	SignalPeptide	0.88	25
Q9LAP7	SignalPeptide	0.88	26
V5YM14	SignalPeptide	0.88	24
