Q7TS55	Transmembrane	1.0	-
Q8H1F2	Transmembrane	1.0	-
O88728	Transmembrane	0.98	-
Q94IB9	Transmembrane	1.0	-
Q9SFB0	Transmembrane	0.91	-
G5EFE7	Transmembrane	0.94	-
Q94AN2	Transmembrane	0.99	-
Q9FI46	Transmembrane	0.83	-
Q16EI9	Transmembrane	1.0	-
D3Z9R8	Transmembrane	0.9	-
G5ECD9	Transmembrane	1.0	-
H2KZB2	SignalPeptide	0.98	21
Q6ETK9	Transmembrane	1.0	-
A8MR93	Transmembrane	0.99	-
P0CN92	Transmembrane	0.98	-
Q3E9Z9	Transmembrane	0.97	-
A3LP48	Other	0.51	-
A7TIN0	Transmembrane	0.66	-
D4AZD1	SignalPeptide	0.89	18
F7VJQ2	Transmembrane	0.62	-
P0DKH9	Other	0.86	-
Q9SV07	Transmembrane	1.0	-
Q6FXH5	Transmembrane	1.0	-
A9JPE3	Transmembrane	1.0	-
F8RT80	Transmembrane	1.0	-
Q12635	Transmembrane	1.0	-
A9JPE4	Transmembrane	0.99	-
O49815	Other	1.0	-
E9Q3C1	Transmembrane	0.99	-
S0E2X6	Transmembrane	0.75	-
Q5AMH3	Transmembrane	1.0	-
P0CM56	Transmembrane	0.96	-
Q9ASS7	Transmembrane	0.99	-
P0DN25	Transmembrane	0.91	-
A0A0U1LR74	Transmembrane	0.98	-
C4R7Z3	Transmembrane	1.0	-
D3Z291	Transmembrane	0.99	-
A8MTT3	Transmembrane	0.92	-
Q5AMQ4	Transmembrane	1.0	-
A8JFU2	SignalPeptide	0.98	22
E0CX11	SignalPeptide	0.75	19
A5DL79	Transmembrane	0.99	-
Q0VFK3	Transmembrane	1.0	-
P0CM72	Transmembrane	0.99	-
Q8VYD4	Transmembrane	0.7	-
H7C241	Transmembrane	0.94	-
D9HP27	Other	0.99	-
Q6Z0Q9	Transmembrane	0.99	-
P0CM84	Transmembrane	0.97	-
P0DKM0	Transmembrane	0.91	-
G2TRJ9	Transmembrane	0.98	-
Q9SZT4	Transmembrane	0.99	-
H2KYS8	Transmembrane	0.99	-
Q9FVQ5	Transmembrane	0.99	-
A5DLM7	Transmembrane	0.96	-
O77475	Transmembrane	0.99	-
Q9SVL6	Transmembrane	1.0	-
G2TRP9	Transmembrane	0.73	-
G2TRP5	Transmembrane	0.96	-
Q2QNE3	Transmembrane	1.0	-
D8S6A8	Transmembrane	1.0	-
A9NYX5	Transmembrane	1.0	-
Q0C9L5	Transmembrane	0.99	-
A4S8B7	Transmembrane	0.58	-
A4D2H0	Transmembrane	0.99	-
Q17938	Transmembrane	0.98	-
G5EC63	Transmembrane	0.99	-
Q5AFI4	Transmembrane	1.0	-
P0DN83	Transmembrane	1.0	-
Q5BPL5	Transmembrane	0.96	-
A4DA85	Transmembrane	0.91	-
Q9FLD7	Transmembrane	1.0	-
D4B4K9	Transmembrane	1.0	-
O81514	Transmembrane	1.0	-
B6KEU8	Transmembrane	0.97	-
A2XFT5	Transmembrane	0.99	-
Q6NMM1	Transmembrane	1.0	-
P0CP64	Transmembrane	1.0	-
Q9SYY4	Transmembrane	1.0	-
Q8VWI1	Transmembrane	0.99	-
Q0D8I9	Transmembrane	1.0	-
D4AEP3	Other	0.99	-
F4J4C8	Transmembrane	1.0	-
Q9U3I4	Transmembrane	0.53	-
Q9M0Y1	Transmembrane	0.99	-
Q5FV41	Other	0.53	-
A5PN38	Transmembrane	1.0	-
G5EGA5	Transmembrane	0.98	-
Q9C6T7	Transmembrane	1.0	-
D4A9I3	Transmembrane	1.0	-
M4VQY9	Transmembrane	0.92	-
Q3KTM0	Transmembrane	1.0	-
P0CU19	Transmembrane	1.0	-
A8DMN5	Transmembrane	0.99	-
Q6DFJ3	Transmembrane	1.0	-
Q9LTZ9	Transmembrane	1.0	-
A5Z2X3	Transmembrane	0.99	-
Q8L4X4	Transmembrane	1.0	-
O81775	Transmembrane	1.0	-
O23596	Transmembrane	0.98	-
Q3E8L0	Transmembrane	1.0	-
Q9S845	Transmembrane	0.98	-
P0CS58	Transmembrane	0.97	-
A0A0B4K753	Transmembrane	0.98	-
Q9SCS7	Other	0.95	-
Q8W4E6	Transmembrane	0.96	-
G5AY81	Transmembrane	1.0	-
Q9FV68	SignalPeptide	0.73	21
Q35136	Transmembrane	1.0	-
Q35135	Transmembrane	1.0	-
A0A023PXB5	Transmembrane	0.99	-
P0CU26	Transmembrane	0.86	-
E4ZVE5	Other	0.78	-
Q95XZ6	Transmembrane	1.0	-
G2TRT6	Other	0.64	-
Q9FNH6	Transmembrane	1.0	-
F1M2Z5	Transmembrane	1.0	-
Q9C9Z5	Transmembrane	0.76	-
G0S235	Transmembrane	1.0	-
Q9C6D3	Transmembrane	0.99	-
Q9M9R9	Transmembrane	0.88	-
A1XQS1	Transmembrane	0.75	-
Q9C654	Transmembrane	1.0	-
E9PT23	Transmembrane	1.0	-
D2HSA6	Transmembrane	1.0	-
Q9SD42	Other	0.79	-
P0DKV0	Transmembrane	1.0	-
G3UVW3	Transmembrane	1.0	-
B2XTD8	Transmembrane	0.99	-
Q8TCY0	Transmembrane	0.55	-
A5PJ82	Transmembrane	0.93	-
Q5E930	Transmembrane	0.81	-
Q19443	Transmembrane	0.98	-
C0HJH3	Transmembrane	1.0	-
K7EJ46	Transmembrane	1.0	-
P0DJ93	Transmembrane	1.0	-
H3BR10	Transmembrane	1.0	-
A0A1B0GVQ0	Transmembrane	1.0	-
E1BAR0	Transmembrane	1.0	-
Q9VXD1	Transmembrane	1.0	-
B3A0M2	Transmembrane	1.0	-
P0DI80	Transmembrane	1.0	-
Q9SCN0	Transmembrane	1.0	-
O45767	Transmembrane	1.0	-
Q95QD1	Transmembrane	0.99	-
Q9ZUM2	Transmembrane	0.99	-
Q9LN27	Other	0.84	-
D3ZFW5	Transmembrane	1.0	-
F1NNL1	Transmembrane	1.0	-
B2RWJ3	Transmembrane	0.97	-
A9JSM3	Transmembrane	1.0	-
A0A087WTH1	Transmembrane	1.0	-
B0BNF0	Transmembrane	1.0	-
E9PQX1	Transmembrane	1.0	-
G2TRP7	Transmembrane	0.96	-
B0BNG2	Transmembrane	1.0	-
Q8RV04	Other	0.59	-
D3Z1U7	Transmembrane	0.99	-
A5WVU6	Transmembrane	1.0	-
E1BY51	Transmembrane	0.99	-
C4QM85	Transmembrane	1.0	-
A8Y3V5	Transmembrane	0.95	-
A5PJY4	Transmembrane	1.0	-
C5HGF3	Transmembrane	0.98	-
B8M9J8	Transmembrane	0.97	-
Q35138	Transmembrane	1.0	-
Q56WD3	Transmembrane	0.99	-
Q66PF2	Transmembrane	0.56	-
B8NM67	Transmembrane	0.99	-
Q9LSF6	Transmembrane	0.87	-
Q6MWE5	Other	0.81	-
Q9FL41	Transmembrane	1.0	-
Q8C0T0	Transmembrane	1.0	-
Q5RH51	Transmembrane	0.94	-
D4PHA7	Transmembrane	0.97	-
Q8VXZ5	Transmembrane	1.0	-
P0CH61	Other	1.0	-
Q6DST1	Transmembrane	1.0	-
P0DH64	Transmembrane	0.97	-
G2TRQ3	Transmembrane	0.95	-
Q8GYK7	Transmembrane	1.0	-
Q6YRM6	Transmembrane	1.0	-
A0A023PYD0	Transmembrane	1.0	-
P0CX92	Transmembrane	0.99	-
A0A023PYE4	Transmembrane	0.88	-
G2TRR0	Transmembrane	0.92	-
A0A023PZ99	Transmembrane	0.98	-
G3Y421	Transmembrane	1.0	-
A0A023PXC7	Transmembrane	0.95	-
A0A023PXJ7	Transmembrane	0.99	-
A0A023PZE2	Transmembrane	0.87	-
G3Y418	Transmembrane	0.96	-
G2TRU2	Transmembrane	1.0	-
A0A023PXJ3	Transmembrane	1.0	-
A0A023PZD0	Transmembrane	0.96	-
A0A023PXL7	Transmembrane	0.99	-
P0CL34	Transmembrane	0.72	-
P0CU07	Transmembrane	1.0	-
A0A023PXK2	Transmembrane	0.74	-
A0A023PZH1	Transmembrane	1.0	-
A0A023PXN9	Transmembrane	0.79	-
A0A023PZ94	Transmembrane	0.89	-
A0A023PZM3	Transmembrane	0.97	-
A0A023PYK2	Transmembrane	0.97	-
G2TRS4	Transmembrane	0.8	-
G2TRR2	Transmembrane	1.0	-
A0A023PZF9	Transmembrane	1.0	-
G2TRS5	Transmembrane	1.0	-
A0A023PXH6	Transmembrane	0.85	-
A0A023PXQ4	Transmembrane	1.0	-
Q9C9Z1	Transmembrane	1.0	-
A0A023PZH5	Transmembrane	0.99	-
A0A023PXQ9	Transmembrane	1.0	-
Q8RWN2	Transmembrane	1.0	-
Q22505	Transmembrane	0.61	-
Q9SNE5	Transmembrane	1.0	-
Q84X12	Other	0.79	-
Q5QNI1	Transmembrane	1.0	-
D8TFA8	Transmembrane	1.0	-
Q9VC35	Transmembrane	1.0	-
Q9SUW4	Transmembrane	0.99	-
Q2TLY1	Transmembrane	1.0	-
A9JTG4	Transmembrane	1.0	-
B0UYT5	Transmembrane	1.0	-
P0CY43	Transmembrane	1.0	-
B2RYW8	Transmembrane	0.97	-
Q9FT88	Transmembrane	0.99	-
P0DMT0	Transmembrane	1.0	-
Q6FQ45	Transmembrane	0.82	-
A3LQS0	Transmembrane	0.95	-
Q8R0M8	Transmembrane	1.0	-
Q9VVH3	SignalPeptide	0.74	14
Q2HIM5	Transmembrane	1.0	-
Q0WP36	Transmembrane	0.96	-
F1DBA8	Transmembrane	0.97	-
Q9W3F7	Transmembrane	0.98	-
B8K1V7	Transmembrane	1.0	-
D2HZB0	Transmembrane	0.85	-
D2I2M6	Transmembrane	1.0	-
F8W4H9	Transmembrane	1.0	-
Q8VY63	Transmembrane	0.94	-
Q5APQ8	Transmembrane	0.97	-
P0DKB6	Transmembrane	0.91	-
F4HXQ7	Transmembrane	0.97	-
P0CY44	Transmembrane	1.0	-
P0CY45	Transmembrane	1.0	-
F4JKQ7	Transmembrane	0.99	-
Q3T4F3	Transmembrane	1.0	-
Q8RWF4	Transmembrane	0.99	-
G2TRN2	SignalPeptide	0.9	21
F4I9E1	Transmembrane	0.69	-
Q950U8	Transmembrane	1.0	-
P85928	Other	1.0	-
Q3U095	Transmembrane	1.0	-
Q9LZH8	Transmembrane	0.7	-
G2TRU0	Transmembrane	0.96	-
Q8RWS1	Transmembrane	1.0	-
C7J0R5	Transmembrane	0.99	-
A1CFK8	Transmembrane	1.0	-
Q9C6S5	Transmembrane	0.94	-
Q9LSX7	Transmembrane	0.99	-
D2KUZ7	Transmembrane	1.0	-
E2RD63	SignalPeptide	0.73	28
C8VRV0	Transmembrane	0.96	-
Q0WP96	Transmembrane	1.0	-
Q9C999	Transmembrane	1.0	-
Q0IQA5	Transmembrane	1.0	-
Q9SAH5	Transmembrane	0.99	-
A8WZ09	Transmembrane	1.0	-
B8Q0B2	Transmembrane	1.0	-
G0S6T0	Transmembrane	1.0	-
Q6CJX2	Transmembrane	0.84	-
Q10T43	Transmembrane	0.66	-
F4I8K2	Transmembrane	0.99	-
Q9M1B5	Transmembrane	0.99	-
Q8LF05	Transmembrane	1.0	-
Q9LET3	Transmembrane	1.0	-
Q9ZPV7	Transmembrane	1.0	-
P0DKX4	Transmembrane	1.0	-
C0HJH4	Transmembrane	1.0	-
G2TRR4	Transmembrane	1.0	-
Q9VW87	Transmembrane	1.0	-
Q5W7C1	Transmembrane	1.0	-
Q10LN5	Transmembrane	1.0	-
A5D7C9	Transmembrane	1.0	-
P0DN89	Transmembrane	1.0	-
Q9DBN1	Transmembrane	0.98	-
A2AF53	Transmembrane	1.0	-
G2TRT3	Transmembrane	1.0	-
Q93Z38	Transmembrane	0.96	-
Q8L7A0	Transmembrane	1.0	-
Q9LSS4	Transmembrane	1.0	-
Q58G33	Transmembrane	1.0	-
Q58G35	Transmembrane	1.0	-
Q8VY77	Transmembrane	0.98	-
Q9SVU4	Transmembrane	0.98	-
E7EYQ9	Transmembrane	1.0	-
Q9FG35	Transmembrane	1.0	-
Q6DFQ7	Transmembrane	1.0	-
B8NM74	Transmembrane	0.99	-
Q9FLN5	Transmembrane	1.0	-
A0A023PXG3	Transmembrane	1.0	-
P0CU22	Transmembrane	0.95	-
G2TRL0	Transmembrane	0.99	-
A0A023PYJ0	Transmembrane	1.0	-
A0A023PXI0	Transmembrane	0.97	-
A0A023PXB9	Transmembrane	0.94	-
A0A023PXD9	Transmembrane	0.9	-
P0CL32	Transmembrane	0.65	-
A0A023PZK9	Transmembrane	1.0	-
A0A023PZG9	Transmembrane	1.0	-
A0A023PXM7	Transmembrane	1.0	-
A0A023PZI4	Transmembrane	0.98	-
G2TRQ1	Transmembrane	1.0	-
G2TRK0	Transmembrane	1.0	-
G2TRN3	Transmembrane	1.0	-
Q35137	Transmembrane	1.0	-
G2TRP1	Transmembrane	0.95	-
A0A023PZE1	Transmembrane	0.98	-
G2TRT8	Other	0.8	-
G2TRP4	Transmembrane	0.88	-
A0A023PXF8	Transmembrane	0.91	-
P0CU06	Transmembrane	1.0	-
