Q81QD6	Transmembrane	0.97	-
Q9KI10	Transmembrane	0.97	-
Q93LK8	Transmembrane	0.97	-
Q81BL7	Transmembrane	0.97	-
D5DQW6	Transmembrane	0.97	-
D3FSJ3	Transmembrane	0.97	-
P0CW82	Transmembrane	0.97	-
Q8G846	Transmembrane	0.97	-
Q3AFC6	Transmembrane	0.97	-
Q8NQC8	Transmembrane	0.97	-
Q8NLR0	Transmembrane	0.67	-
Q8NTW4	Transmembrane	0.97	-
C4LIK6	Transmembrane	0.97	-
A4ITV2	Transmembrane	0.97	-
Q9RGG3	Transmembrane	0.97	-
F2M971	Transmembrane	0.97	-
Q1GAT4	Transmembrane	0.9	-
Q037U3	Transmembrane	0.97	-
A2RMJ9	Transmembrane	0.97	-
A2RNT9	SignalPeptide	0.96	27
A2RIH3	Transmembrane	0.97	-
D8KFN3	Transmembrane	0.97	-
A2RKV5	Transmembrane	0.97	-
A2RM05	Transmembrane	0.97	-
Q03YI6	Transmembrane	0.97	-
Q92EU0	Transmembrane	0.97	-
Q92EU1	Transmembrane	0.97	-
A0A0H3GM48	Transmembrane	0.97	-
Q9RR45	Transmembrane	0.97	-
A0A0H3GGY3	Transmembrane	0.97	-
B9EB52	Transmembrane	0.97	-
D6R8X8	Transmembrane	0.97	-
Q2RK86	Transmembrane	0.97	-
A1KH31	Transmembrane	0.97	-
A0A0H3M5A8	Transmembrane	0.97	-
A0QW28	Transmembrane	0.6	-
A0R626	Transmembrane	0.52	-
A0QNG6	Transmembrane	0.97	-
Q3L890	Transmembrane	0.97	-
A0R211	Transmembrane	0.97	-
L8F618	Transmembrane	0.97	-
A0QX51	Transmembrane	0.93	-
A0QYL8	Transmembrane	0.57	-
A0QQH5	Transmembrane	0.97	-
P9WMS8	Transmembrane	0.97	-
P9WPV6	Transmembrane	0.92	-
P9WPV4	Transmembrane	0.92	-
P9WPV2	Transmembrane	0.97	-
P9WPG8	SignalPeptide	0.86	32
O07801	Transmembrane	0.57	-
P9WP90	Transmembrane	0.97	-
P9WFR6	Transmembrane	0.97	-
P9WP56	Transmembrane	0.97	-
P9WP62	Transmembrane	0.95	-
P9WP46	Transmembrane	0.97	-
P9WJE6	Transmembrane	0.97	-
P9WNR4	Transmembrane	0.96	-
P9WI52	Transmembrane	0.95	-
P9WG22	Transmembrane	0.64	-
P9WJE4	Transmembrane	0.97	-
P9WNL6	Transmembrane	0.97	-
P9WNK6	Other	0.99	-
P9WNZ8	Transmembrane	0.97	-
A5U7B6	Transmembrane	0.97	-
P9WNB4	Transmembrane	0.97	-
P9WJB2	Transmembrane	0.97	-
P9WJB0	Transmembrane	0.97	-
P9WNB6	Transmembrane	0.97	-
P9WN98	Transmembrane	0.97	-
O53857	Transmembrane	0.97	-
P9WG06	Transmembrane	0.97	-
P9WG26	Transmembrane	0.86	-
P9WGN4	Transmembrane	0.97	-
O53368	Transmembrane	0.95	-
P9WFN6	Transmembrane	0.86	-
P9WGU4	Transmembrane	0.97	-
P9WM20	Transmembrane	0.95	-
O53150	Transmembrane	0.74	-
P9WLX0	Transmembrane	0.83	-
P9WIW2	Transmembrane	0.68	-
P9WM62	Transmembrane	0.94	-
P9WM30	Transmembrane	0.97	-
P9WM28	Transmembrane	0.96	-
P9WM18	Transmembrane	0.97	-
P9WLY0	Transmembrane	0.97	-
P9WJX8	Transmembrane	0.97	-
P9WLW0	Transmembrane	0.91	-
P9WFM2	Transmembrane	0.97	-
P9WLS8	Transmembrane	0.94	-
P9WLS4	Transmembrane	0.97	-
P9WLR6	Transmembrane	0.97	-
P9WMA2	Transmembrane	0.89	-
P9WM88	Transmembrane	0.97	-
P9WFJ6	Transmembrane	0.97	-
P9WLI8	Transmembrane	0.97	-
P9WJI2	Transmembrane	0.97	-
P9WLL2	Transmembrane	0.97	-
P9WM22	Other	0.99	-
P9WLK4	Transmembrane	0.92	-
P9WLK2	Other	0.99	-
P9WPR8	Transmembrane	0.96	-
P9WPD8	Transmembrane	0.96	-
P9WGA6	Transmembrane	0.97	-
P9WLG6	Transmembrane	0.97	-
P9WLF2	Transmembrane	0.95	-
P9WG14	Transmembrane	0.97	-
P9WL84	Transmembrane	0.66	-
P9WM74	Transmembrane	0.97	-
P9WFZ8	Transmembrane	0.97	-
P9WGF6	Transmembrane	0.97	-
P9WFM4	Transmembrane	0.97	-
P9WFZ6	Transmembrane	0.97	-
P9WG50	Transmembrane	0.97	-
P9WLL4	SignalPeptide	0.94	30
P9WLI2	Transmembrane	0.97	-
P9WLF4	Transmembrane	0.97	-
P9WLC6	SignalPeptide	0.77	45
P9WGF4	Transmembrane	0.84	-
P9WFG4	Transmembrane	0.97	-
P9WFN8	Transmembrane	0.97	-
P9WP08	Transmembrane	0.97	-
P9WL72	Transmembrane	0.94	-
P9WL38	Transmembrane	0.53	-
P9WJW6	Transmembrane	0.97	-
O06349	Transmembrane	0.89	-
P9WK32	Transmembrane	0.97	-
P9WG92	Transmembrane	0.97	-
P9WFL2	Transmembrane	0.97	-
P9WKS6	Other	0.99	-
P9WFS2	Transmembrane	0.92	-
P9WLT4	Transmembrane	0.97	-
P9WPI6	Transmembrane	0.97	-
P9WKR0	Transmembrane	0.97	-
P0DMQ8	Transmembrane	0.84	-
I6YB21	Transmembrane	0.65	-
O69726	Transmembrane	0.97	-
P9WKN2	Transmembrane	0.97	-
P9WLH0	Other	0.95	-
P9WLG2	Transmembrane	0.95	-
P9WL88	Transmembrane	0.97	-
O69659	Transmembrane	0.96	-
I6YET7	Transmembrane	0.97	-
P9WKL6	Transmembrane	0.97	-
P9WKF0	Transmembrane	0.96	-
P9WKF2	Transmembrane	0.97	-
P9WK92	Transmembrane	0.97	-
P9WIP2	Transmembrane	0.97	-
P9WIZ4	Transmembrane	0.94	-
P9WJT6	Transmembrane	0.97	-
P9WJT4	SignalPeptide	0.97	38
P9WJN4	Transmembrane	0.97	-
P9WMN6	Other	0.6	-
P9WJK2	Transmembrane	0.97	-
P9WIW6	Transmembrane	0.96	-
P9WIX2	Transmembrane	0.97	-
P9WN00	Transmembrane	0.61	-
P9WPG2	Transmembrane	0.97	-
P9WPG6	Transmembrane	0.97	-
P9WN04	Transmembrane	0.63	-
H8EUF2	Transmembrane	0.97	-
P9WGE4	Transmembrane	0.97	-
P9WIT4	Transmembrane	0.97	-
P9WKP6	Other	0.95	-
P9WKM8	Transmembrane	0.97	-
D7GIS1	Transmembrane	0.86	-
P96454	Transmembrane	0.97	-
Q2G188	Transmembrane	0.97	-
Q2FZ95	Transmembrane	0.93	-
Q2G026	Transmembrane	0.97	-
Q4L2X3	Transmembrane	0.97	-
A8AVK0	Transmembrane	0.95	-
Q8DV98	Transmembrane	0.97	-
Q8DUY4	Transmembrane	0.97	-
Q8DUY3	Transmembrane	0.97	-
Q8DP63	Transmembrane	0.97	-
Q8DR70	Transmembrane	0.97	-
Q04LE4	Transmembrane	0.97	-
P0DD30	Transmembrane	0.97	-
P0DB56	Transmembrane	0.94	-
P0DB50	Transmembrane	0.97	-
P0DG86	Transmembrane	0.97	-
P0DA10	Transmembrane	0.97	-
P0DH04	Transmembrane	0.97	-
P95827	Transmembrane	0.97	-
P0DD10	Transmembrane	0.97	-
P0DH30	Transmembrane	0.97	-
Q5M614	Transmembrane	0.97	-
Q9ADP8	Transmembrane	0.97	-
S5VBU1	Transmembrane	0.97	-
