B8GXB6	Transmembrane	0.92	-
B8GX61	Transmembrane	0.92	-
B8GWS7	Transmembrane	0.92	-
F0T4D1	Transmembrane	0.92	-
A0A086F3E3	Transmembrane	0.92	-
E0SIS2	Transmembrane	0.91	-
D5T166	Transmembrane	0.92	-
A6X7E7	Transmembrane	0.85	-
E6WMH4	Transmembrane	0.81	-
D0KEK2	Transmembrane	0.92	-
Q188Z4	Transmembrane	0.92	-
G4V4G3	Transmembrane	0.92	-
Q14SY0	Transmembrane	0.92	-
Q55721	Transmembrane	0.92	-
P73726	Transmembrane	0.92	-
Q55736	Transmembrane	0.92	-
P74653	Transmembrane	0.92	-
D0VWR4	Transmembrane	0.92	-
Q9X1N5	Transmembrane	0.89	-
Q9X2I1	Transmembrane	0.92	-
Q9X1G6	Transmembrane	0.92	-
F9RBV9	Transmembrane	0.92	-
Q6F7T9	Other	0.94	-
Q6FDF5	Transmembrane	0.92	-
Q6FFS6	Transmembrane	0.92	-
Q9AGF2	Transmembrane	0.92	-
Q0ZAI3	Transmembrane	0.92	-
Q0ZAH7	Transmembrane	0.92	-
D3RPC1	Transmembrane	0.69	-
E1WTB4	Transmembrane	0.92	-
Q0P9C8	Transmembrane	0.92	-
Q0P9D4	Transmembrane	0.92	-
C4PLJ5	Transmembrane	0.92	-
B0B9M4	Transmembrane	0.92	-
B0B9M3	Transmembrane	0.92	-
B0B8F4	Transmembrane	0.92	-
B0B9M5	Transmembrane	0.92	-
D6YXE8	Transmembrane	0.92	-
Q8KBX2	Transmembrane	0.92	-
A9WG67	Transmembrane	0.92	-
D2TN57	Transmembrane	0.92	-
P0DOV3	Transmembrane	0.92	-
Q72E86	Transmembrane	0.92	-
C5BH44	Transmembrane	0.92	-
B2VGW0	Transmembrane	0.92	-
Q3YL95	Transmembrane	0.92	-
D3QY10	Other	0.95	-
A0A0H2VAP9	Transmembrane	0.92	-
G3MTW7	Transmembrane	0.92	-
P0DMV3	Transmembrane	0.92	-
A5FMG4	Transmembrane	0.92	-
Q5NGW7	Transmembrane	0.92	-
Q748D0	Transmembrane	0.92	-
E1VBT7	Transmembrane	0.92	-
D0KWI6	Transmembrane	0.92	-
Q9ZN40	Transmembrane	0.92	-
C7NB69	Transmembrane	0.91	-
Q607G3	Transmembrane	0.92	-
G4SW86	Transmembrane	0.92	-
B2RI48	Transmembrane	0.92	-
G3XD94	Transmembrane	0.73	-
Q9HUH5	Transmembrane	0.92	-
Q9HZX3	Transmembrane	0.92	-
O06836	Transmembrane	0.92	-
O52216	Transmembrane	0.92	-
Q87WD2	Transmembrane	0.92	-
Q2KA78	Transmembrane	0.92	-
Q1MJ96	Transmembrane	0.92	-
D5ARG8	Transmembrane	0.92	-
D5AUZ7	Transmembrane	0.92	-
D5AV16	Transmembrane	0.92	-
D5AQY8	Transmembrane	0.92	-
Q70AN6	Transmembrane	0.92	-
Q7CPI8	Transmembrane	0.91	-
Q7CPI7	Transmembrane	0.92	-
Q9Z4S7	Transmembrane	0.92	-
D0ZXP9	Transmembrane	0.92	-
D0ZK39	Transmembrane	0.92	-
D0ZLQ7	Transmembrane	0.92	-
Q8ZKL0	Transmembrane	0.92	-
Q9KSG1	Transmembrane	0.92	-
Q9KQS1	Transmembrane	0.92	-
A5F4U3	Transmembrane	0.92	-
Q9KVK7	Transmembrane	0.92	-
A0A0H3AJF5	Transmembrane	0.9	-
A5F5X0	Transmembrane	0.9	-
P0DKS0	Transmembrane	0.9	-
Q74RU7	Transmembrane	0.92	-
P0DM79	Transmembrane	0.92	-
