# SignalP-4.1 gram- predictions
>B8F853 
# Measure  Position  Value    Cutoff   signal peptide?
  max. C    36       0.110
  max. Y    36       0.117
  max. S    10       0.173
  mean S     1-35    0.122
       D     1-35    0.119   0.570   NO
Name=B8F853	SP='NO' D=0.119 D-cutoff=0.570 Networks=SignalP-noTM
>P70752 
# Measure  Position  Value    Cutoff   signal peptide?
  max. C    70       0.118
  max. Y    54       0.110
  max. S    43       0.155
  mean S     1-53    0.106
       D     1-53    0.108   0.570   NO
Name=P70752	SP='NO' D=0.108 D-cutoff=0.570 Networks=SignalP-noTM
>Q9X404 
# Measure  Position  Value    Cutoff   signal peptide?
  max. C    18       0.106
  max. Y    41       0.106
  max. S     3       0.132
  mean S     1-40    0.095
       D     1-40    0.101   0.570   NO
Name=Q9X404	SP='NO' D=0.101 D-cutoff=0.570 Networks=SignalP-noTM
>Q9X405 
# Measure  Position  Value    Cutoff   signal peptide?
  max. C    22       0.134
  max. Y    22       0.100
  max. S    21       0.153
  mean S     1-21    0.072
       D     1-21    0.087   0.570   NO
Name=Q9X405	SP='NO' D=0.087 D-cutoff=0.570 Networks=SignalP-noTM
>Q12E50 
# Measure  Position  Value    Cutoff   signal peptide?
  max. C    39       0.107
  max. Y    17       0.124
  max. S     7       0.176
  mean S     1-16    0.142
       D     1-16    0.133   0.570   NO
Name=Q12E50	SP='NO' D=0.133 D-cutoff=0.570 Networks=SignalP-noTM
>D7UNT2 
# Measure  Position  Value    Cutoff   signal peptide?
  max. C    27       0.214
  max. Y    27       0.230
  max. S    20       0.507
  mean S     1-26    0.225
       D     1-26    0.228   0.510   NO
Name=D7UNT2	SP='NO' D=0.228 D-cutoff=0.510 Networks=SignalP-TM
>G4V4G2 
# Measure  Position  Value    Cutoff   signal peptide?
  max. C    32       0.109
  max. Y    11       0.121
  max. S     2       0.235
  mean S     1-10    0.137
       D     1-10    0.128   0.570   NO
Name=G4V4G2	SP='NO' D=0.128 D-cutoff=0.570 Networks=SignalP-noTM
>A0KYQ5 
# Measure  Position  Value    Cutoff   signal peptide?
  max. C    49       0.112
  max. Y    49       0.125
  max. S    43       0.204
  mean S     1-48    0.110
       D     1-48    0.118   0.570   NO
Name=A0KYQ5	SP='NO' D=0.118 D-cutoff=0.570 Networks=SignalP-noTM
>A0KYQ6 
# Measure  Position  Value    Cutoff   signal peptide?
  max. C    45       0.106
  max. Y    11       0.101
  max. S     1       0.127
  mean S     1-10    0.097
       D     1-10    0.099   0.570   NO
Name=A0KYQ6	SP='NO' D=0.099 D-cutoff=0.570 Networks=SignalP-noTM
>P73389 
# Measure  Position  Value    Cutoff   signal peptide?
  max. C    29       0.204
  max. Y    29       0.170
  max. S     1       0.241
  mean S     1-28    0.150
       D     1-28    0.160   0.570   NO
Name=P73389	SP='NO' D=0.160 D-cutoff=0.570 Networks=SignalP-noTM
>P73658 
# Measure  Position  Value    Cutoff   signal peptide?
  max. C    38       0.511
  max. Y    38       0.225
  max. S     2       0.192
  mean S     1-37    0.120
       D     1-37    0.175   0.570   NO
Name=P73658	SP='NO' D=0.175 D-cutoff=0.570 Networks=SignalP-noTM
>P73722 
# Measure  Position  Value    Cutoff   signal peptide?
  max. C    26       0.113
  max. Y    46       0.107
  max. S    34       0.132
  mean S     1-45    0.093
       D     1-45    0.100   0.570   NO
Name=P73722	SP='NO' D=0.100 D-cutoff=0.570 Networks=SignalP-noTM
>C7JGP5 
# Measure  Position  Value    Cutoff   signal peptide?
  max. C    56       0.146
  max. Y    56       0.139
  max. S     1       0.193
  mean S     1-55    0.115
       D     1-55    0.127   0.570   NO
Name=C7JGP5	SP='NO' D=0.127 D-cutoff=0.570 Networks=SignalP-noTM
>A3M3K6 
# Measure  Position  Value    Cutoff   signal peptide?
  max. C    40       0.164
  max. Y    40       0.139
  max. S    29       0.209
  mean S     1-39    0.129
       D     1-39    0.134   0.570   NO
Name=A3M3K6	SP='NO' D=0.134 D-cutoff=0.570 Networks=SignalP-noTM
>Q6FEP2 
# Measure  Position  Value    Cutoff   signal peptide?
  max. C    34       0.181
  max. Y    34       0.178
  max. S    25       0.272
  mean S     1-33    0.184
       D     1-33    0.180   0.570   NO
Name=Q6FEP2	SP='NO' D=0.180 D-cutoff=0.570 Networks=SignalP-noTM
>A3N2T3 
# Measure  Position  Value    Cutoff   signal peptide?
  max. C    41       0.107
  max. Y    43       0.114
  max. S    35       0.164
  mean S     1-42    0.088
       D     1-42    0.102   0.570   NO
Name=A3N2T3	SP='NO' D=0.102 D-cutoff=0.570 Networks=SignalP-noTM
>B3H2N1 
# Measure  Position  Value    Cutoff   signal peptide?
  max. C    21       0.124
  max. Y    30       0.127
  max. S    43       0.220
  mean S     1-29    0.141
       D     1-29    0.134   0.570   NO
Name=B3H2N1	SP='NO' D=0.134 D-cutoff=0.570 Networks=SignalP-noTM
>O69199 
# Measure  Position  Value    Cutoff   signal peptide?
  max. C    30       0.134
  max. Y    38       0.154
  max. S    29       0.348
  mean S     1-37    0.142
       D     1-37    0.149   0.570   NO
Name=O69199	SP='NO' D=0.149 D-cutoff=0.570 Networks=SignalP-noTM
>Q5P5G3 
# Measure  Position  Value    Cutoff   signal peptide?
  max. C    38       0.108
  max. Y    67       0.104
  max. S    58       0.119
  mean S     1-66    0.094
       D     1-66    0.099   0.570   NO
Name=Q5P5G3	SP='NO' D=0.099 D-cutoff=0.570 Networks=SignalP-noTM
>Q5P5G4 
# Measure  Position  Value    Cutoff   signal peptide?
  max. C    35       0.110
  max. Y    35       0.110
  max. S    34       0.137
  mean S     1-34    0.094
       D     1-34    0.102   0.570   NO
Name=Q5P5G4	SP='NO' D=0.102 D-cutoff=0.570 Networks=SignalP-noTM
>Q5P5G5 
# Measure  Position  Value    Cutoff   signal peptide?
  max. C    21       0.117
  max. Y    21       0.106
  max. S     7       0.138
  mean S     1-20    0.104
       D     1-20    0.105   0.570   NO
Name=Q5P5G5	SP='NO' D=0.105 D-cutoff=0.570 Networks=SignalP-noTM
>Q5P5G6 
# Measure  Position  Value    Cutoff   signal peptide?
  max. C    41       0.153
  max. Y    41       0.192
  max. S    36       0.445
  mean S     1-40    0.207
       D     1-40    0.199   0.570   NO
Name=Q5P5G6	SP='NO' D=0.199 D-cutoff=0.570 Networks=SignalP-noTM
>Q44501 
# Measure  Position  Value    Cutoff   signal peptide?
  max. C    20       0.133
  max. Y    20       0.167
  max. S    12       0.290
  mean S     1-19    0.190
       D     1-19    0.178   0.570   NO
Name=Q44501	SP='NO' D=0.178 D-cutoff=0.570 Networks=SignalP-noTM
>E1WNR6 
# Measure  Position  Value    Cutoff   signal peptide?
  max. C    40       0.144
  max. Y    40       0.129
  max. S     3       0.228
  mean S     1-39    0.114
       D     1-39    0.122   0.570   NO
Name=E1WNR6	SP='NO' D=0.122 D-cutoff=0.570 Networks=SignalP-noTM
>A0A087WNH6 
# Measure  Position  Value    Cutoff   signal peptide?
  max. C    29       0.175
  max. Y    29       0.123
  max. S     2       0.135
  mean S     1-28    0.085
       D     1-28    0.105   0.570   NO
Name=A0A087WNH6	SP='NO' D=0.105 D-cutoff=0.570 Networks=SignalP-noTM
>Q2YKV1 
# Measure  Position  Value    Cutoff   signal peptide?
  max. C    23       0.119
  max. Y    11       0.154
  max. S     2       0.315
  mean S     1-10    0.232
       D     1-10    0.191   0.570   NO
Name=Q2YKV1	SP='NO' D=0.191 D-cutoff=0.570 Networks=SignalP-noTM
>Q2YQA5 
# Measure  Position  Value    Cutoff   signal peptide?
  max. C    24       0.161
  max. Y    24       0.191
  max. S     1       0.525
  mean S     1-23    0.267
       D     1-23    0.227   0.570   NO
Name=Q2YQA5	SP='NO' D=0.227 D-cutoff=0.570 Networks=SignalP-noTM
>Q39LF8 
# Measure  Position  Value    Cutoff   signal peptide?
  max. C    21       0.107
  max. Y    41       0.121
  max. S    30       0.230
  mean S     1-40    0.105
       D     1-40    0.113   0.570   NO
Name=Q39LF8	SP='NO' D=0.113 D-cutoff=0.570 Networks=SignalP-noTM
>I1WFB9 
# Measure  Position  Value    Cutoff   signal peptide?
  max. C    46       0.139
  max. Y    18       0.123
  max. S     9       0.155
  mean S     1-17    0.125
       D     1-17    0.124   0.570   NO
Name=I1WFB9	SP='NO' D=0.124 D-cutoff=0.570 Networks=SignalP-noTM
>A4JS72 
# Measure  Position  Value    Cutoff   signal peptide?
  max. C    29       0.121
  max. Y    11       0.107
  max. S     4       0.162
  mean S     1-10    0.122
       D     1-10    0.114   0.570   NO
Name=A4JS72	SP='NO' D=0.114 D-cutoff=0.570 Networks=SignalP-noTM
>B3PIL7 
# Measure  Position  Value    Cutoff   signal peptide?
  max. C    42       0.101
  max. Y    11       0.121
  max. S     1       0.188
  mean S     1-10    0.140
       D     1-10    0.130   0.570   NO
Name=B3PIL7	SP='NO' D=0.130 D-cutoff=0.570 Networks=SignalP-noTM
>Q1QWP1 
# Measure  Position  Value    Cutoff   signal peptide?
  max. C    35       0.117
  max. Y    35       0.109
  max. S    32       0.114
  mean S     1-34    0.077
       D     1-34    0.094   0.570   NO
Name=Q1QWP1	SP='NO' D=0.094 D-cutoff=0.570 Networks=SignalP-noTM
>D2TN58 
# Measure  Position  Value    Cutoff   signal peptide?
  max. C    54       0.110
  max. Y    16       0.166
  max. S     9       0.327
  mean S     1-15    0.257
       D     1-15    0.209   0.570   NO
Name=D2TN58	SP='NO' D=0.209 D-cutoff=0.570 Networks=SignalP-noTM
>D2TS86 
# Measure  Position  Value    Cutoff   signal peptide?
  max. C    37       0.123
  max. Y    37       0.110
  max. S    34       0.121
  mean S     1-36    0.097
       D     1-36    0.104   0.570   NO
Name=D2TS86	SP='NO' D=0.104 D-cutoff=0.570 Networks=SignalP-noTM
>Q47CW9 
# Measure  Position  Value    Cutoff   signal peptide?
  max. C    40       0.251
  max. Y    40       0.211
  max. S    32       0.251
  mean S     1-39    0.138
       D     1-39    0.177   0.570   NO
Name=Q47CW9	SP='NO' D=0.177 D-cutoff=0.570 Networks=SignalP-noTM
>P94692 
# Measure  Position  Value    Cutoff   signal peptide?
  max. C    21       0.144
  max. Y    21       0.199
  max. S    17       0.387
  mean S     1-20    0.253
       D     1-20    0.224   0.570   NO
Name=P94692	SP='NO' D=0.224 D-cutoff=0.570 Networks=SignalP-noTM
>T2G6Z9 
# Measure  Position  Value    Cutoff   signal peptide?
  max. C    43       0.189
  max. Y    43       0.140
  max. S    39       0.160
  mean S     1-42    0.101
       D     1-42    0.122   0.570   NO
Name=T2G6Z9	SP='NO' D=0.122 D-cutoff=0.570 Networks=SignalP-noTM
>T2G899 
# Measure  Position  Value    Cutoff   signal peptide?
  max. C    40       0.106
  max. Y    40       0.119
  max. S    29       0.191
  mean S     1-39    0.102
       D     1-39    0.111   0.570   NO
Name=T2G899	SP='NO' D=0.111 D-cutoff=0.570 Networks=SignalP-noTM
>Q72CB8 
# Measure  Position  Value    Cutoff   signal peptide?
  max. C    38       0.117
  max. Y    20       0.130
  max. S    12       0.201
  mean S     1-19    0.136
       D     1-19    0.133   0.570   NO
Name=Q72CB8	SP='NO' D=0.133 D-cutoff=0.570 Networks=SignalP-noTM
>Q2NAK3 
# Measure  Position  Value    Cutoff   signal peptide?
  max. C    32       0.129
  max. Y    43       0.119
  max. S    41       0.138
  mean S     1-42    0.096
       D     1-42    0.108   0.570   NO
Name=Q2NAK3	SP='NO' D=0.108 D-cutoff=0.570 Networks=SignalP-noTM
>B7UJE2 
# Measure  Position  Value    Cutoff   signal peptide?
  max. C    41       0.099
  max. Y    15       0.104
  max. S     9       0.135
  mean S     1-14    0.109
       D     1-14    0.106   0.570   NO
Name=B7UJE2	SP='NO' D=0.106 D-cutoff=0.570 Networks=SignalP-noTM
>P0DKB3 
# Measure  Position  Value    Cutoff   signal peptide?
  max. C    33       0.108
  max. Y    20       0.264
  max. S    12       0.846
  mean S     1-19    0.600
       D     1-19    0.422   0.570   NO
Name=P0DKB3	SP='NO' D=0.422 D-cutoff=0.570 Networks=SignalP-noTM
>P0DM85 
# Measure  Position  Value    Cutoff   signal peptide?
  max. C    53       0.132
  max. Y    11       0.107
  max. S     1       0.143
  mean S     1-10    0.111
       D     1-10    0.109   0.570   NO
Name=P0DM85	SP='NO' D=0.109 D-cutoff=0.570 Networks=SignalP-noTM
>Q8FDB5 
# Measure  Position  Value    Cutoff   signal peptide?
  max. C     6       0.123
  max. Y    23       0.115
  max. S     5       0.199
  mean S     1-22    0.130
       D     1-22    0.122   0.570   NO
Name=Q8FDB5	SP='NO' D=0.122 D-cutoff=0.570 Networks=SignalP-noTM
>Q8RH71 
# Measure  Position  Value    Cutoff   signal peptide?
  max. C    64       0.143
  max. Y    64       0.118
  max. S    66       0.116
  mean S     1-63    0.091
       D     1-63    0.105   0.570   NO
Name=Q8RH71	SP='NO' D=0.105 D-cutoff=0.570 Networks=SignalP-noTM
>Q0BST5 
# Measure  Position  Value    Cutoff   signal peptide?
  max. C    40       0.114
  max. Y    40       0.108
  max. S    50       0.132
  mean S     1-39    0.078
       D     1-39    0.094   0.570   NO
Name=Q0BST5	SP='NO' D=0.094 D-cutoff=0.570 Networks=SignalP-noTM
>E1V7V8 
# Measure  Position  Value    Cutoff   signal peptide?
  max. C    20       0.133
  max. Y    20       0.107
  max. S     1       0.110
  mean S     1-19    0.085
       D     1-19    0.097   0.570   NO
Name=E1V7V8	SP='NO' D=0.097 D-cutoff=0.570 Networks=SignalP-noTM
>E1V7V9 
# Measure  Position  Value    Cutoff   signal peptide?
  max. C    29       0.120
  max. Y    29       0.111
  max. S     1       0.133
  mean S     1-28    0.107
       D     1-28    0.109   0.570   NO
Name=E1V7V9	SP='NO' D=0.109 D-cutoff=0.570 Networks=SignalP-noTM
>E1V7W0 
# Measure  Position  Value    Cutoff   signal peptide?
  max. C    42       0.129
  max. Y    11       0.118
  max. S     1       0.226
  mean S     1-10    0.129
       D     1-10    0.123   0.570   NO
Name=E1V7W0	SP='NO' D=0.123 D-cutoff=0.570 Networks=SignalP-noTM
>E1VBK4 
# Measure  Position  Value    Cutoff   signal peptide?
  max. C    19       0.120
  max. Y    48       0.119
  max. S    42       0.172
  mean S     1-47    0.097
       D     1-47    0.109   0.570   NO
Name=E1VBK4	SP='NO' D=0.109 D-cutoff=0.570 Networks=SignalP-noTM
>B9XZG7 
# Measure  Position  Value    Cutoff   signal peptide?
  max. C    48       0.100
  max. Y    31       0.114
  max. S    23       0.143
  mean S     1-30    0.115
       D     1-30    0.114   0.570   NO
Name=B9XZG7	SP='NO' D=0.114 D-cutoff=0.570 Networks=SignalP-noTM
>O25343 
# Measure  Position  Value    Cutoff   signal peptide?
  max. C    41       0.103
  max. Y    16       0.125
  max. S    11       0.172
  mean S     1-15    0.143
       D     1-15    0.133   0.570   NO
Name=O25343	SP='NO' D=0.133 D-cutoff=0.570 Networks=SignalP-noTM
>B5XRA9 
# Measure  Position  Value    Cutoff   signal peptide?
  max. C    31       0.209
  max. Y    31       0.215
  max. S    20       0.458
  mean S     1-30    0.245
       D     1-30    0.229   0.570   NO
Name=B5XRA9	SP='NO' D=0.229 D-cutoff=0.570 Networks=SignalP-noTM
>Q1INB1 
# Measure  Position  Value    Cutoff   signal peptide?
  max. C    46       0.178
  max. Y    11       0.138
  max. S     1       0.287
  mean S     1-10    0.181
       D     1-10    0.158   0.570   NO
Name=Q1INB1	SP='NO' D=0.158 D-cutoff=0.570 Networks=SignalP-noTM
>A9KM56 
# Measure  Position  Value    Cutoff   signal peptide?
  max. C    25       0.137
  max. Y    25       0.128
  max. S    12       0.153
  mean S     1-24    0.113
       D     1-24    0.121   0.570   NO
Name=A9KM56	SP='NO' D=0.121 D-cutoff=0.570 Networks=SignalP-noTM
>O06924 
# Measure  Position  Value    Cutoff   signal peptide?
  max. C    66       0.100
  max. Y    21       0.110
  max. S    13       0.153
  mean S     1-20    0.114
       D     1-20    0.112   0.570   NO
Name=O06924	SP='NO' D=0.112 D-cutoff=0.570 Networks=SignalP-noTM
>O06928 
# Measure  Position  Value    Cutoff   signal peptide?
  max. C    64       0.124
  max. Y    23       0.118
  max. S    12       0.131
  mean S     1-22    0.105
       D     1-22    0.112   0.570   NO
Name=O06928	SP='NO' D=0.112 D-cutoff=0.570 Networks=SignalP-noTM
>O06930 
# Measure  Position  Value    Cutoff   signal peptide?
  max. C    67       0.112
  max. Y    53       0.104
  max. S     1       0.135
  mean S     1-52    0.099
       D     1-52    0.102   0.570   NO
Name=O06930	SP='NO' D=0.102 D-cutoff=0.570 Networks=SignalP-noTM
>F2JXJ2 
# Measure  Position  Value    Cutoff   signal peptide?
  max. C    20       0.131
  max. Y    20       0.118
  max. S    16       0.216
  mean S     1-19    0.110
       D     1-19    0.114   0.570   NO
Name=F2JXJ2	SP='NO' D=0.114 D-cutoff=0.570 Networks=SignalP-noTM
>C5B135 
# Measure  Position  Value    Cutoff   signal peptide?
  max. C    31       0.185
  max. Y    31       0.159
  max. S    30       0.246
  mean S     1-30    0.127
       D     1-30    0.144   0.570   NO
Name=C5B135	SP='NO' D=0.144 D-cutoff=0.570 Networks=SignalP-noTM
>C5B137 
# Measure  Position  Value    Cutoff   signal peptide?
  max. C    26       0.108
  max. Y    37       0.102
  max. S    34       0.115
  mean S     1-36    0.089
       D     1-36    0.096   0.570   NO
Name=C5B137	SP='NO' D=0.096 D-cutoff=0.570 Networks=SignalP-noTM
>C5B138 
# Measure  Position  Value    Cutoff   signal peptide?
  max. C    33       0.233
  max. Y    33       0.145
  max. S    40       0.231
  mean S     1-32    0.104
       D     1-32    0.126   0.570   NO
Name=C5B138	SP='NO' D=0.126 D-cutoff=0.570 Networks=SignalP-noTM
>D5V9A9 
# Measure  Position  Value    Cutoff   signal peptide?
  max. C    28       0.310
  max. Y    28       0.168
  max. S    32       0.141
  mean S     1-27    0.080
       D     1-27    0.127   0.570   NO
Name=D5V9A9	SP='NO' D=0.127 D-cutoff=0.570 Networks=SignalP-noTM
>Q9JYY8 
# Measure  Position  Value    Cutoff   signal peptide?
  max. C    48       0.105
  max. Y    26       0.189
  max. S    33       0.495
  mean S     1-25    0.260
       D     1-25    0.222   0.570   NO
Name=Q9JYY8	SP='NO' D=0.222 D-cutoff=0.570 Networks=SignalP-noTM
>Q9K0V4 
# Measure  Position  Value    Cutoff   signal peptide?
  max. C    50       0.128
  max. Y    11       0.143
  max. S     1       0.331
  mean S     1-10    0.184
       D     1-10    0.162   0.570   NO
Name=Q9K0V4	SP='NO' D=0.162 D-cutoff=0.570 Networks=SignalP-noTM
>D5C1K8 
# Measure  Position  Value    Cutoff   signal peptide?
  max. C    33       0.132
  max. Y    12       0.150
  max. S     8       0.292
  mean S     1-11    0.229
       D     1-11    0.187   0.570   NO
Name=D5C1K8	SP='NO' D=0.187 D-cutoff=0.570 Networks=SignalP-noTM
>B2J528 
# Measure  Position  Value    Cutoff   signal peptide?
  max. C    29       0.105
  max. Y    11       0.141
  max. S     2       0.272
  mean S     1-10    0.203
       D     1-10    0.170   0.570   NO
Name=B2J528	SP='NO' D=0.170 D-cutoff=0.570 Networks=SignalP-noTM
>Q58Y43 
# Measure  Position  Value    Cutoff   signal peptide?
  max. C    38       0.149
  max. Y    38       0.143
  max. S    37       0.201
  mean S     1-37    0.132
       D     1-37    0.138   0.570   NO
Name=Q58Y43	SP='NO' D=0.138 D-cutoff=0.570 Networks=SignalP-noTM
>Q9XB59 
# Measure  Position  Value    Cutoff   signal peptide?
  max. C    28       0.129
  max. Y    13       0.122
  max. S     2       0.198
  mean S     1-12    0.122
       D     1-12    0.122   0.570   NO
Name=Q9XB59	SP='NO' D=0.122 D-cutoff=0.570 Networks=SignalP-noTM
>Q182W3 
# Measure  Position  Value    Cutoff   signal peptide?
  max. C    28       0.108
  max. Y    28       0.109
  max. S    28       0.134
  mean S     1-27    0.115
       D     1-27    0.112   0.570   NO
Name=Q182W3	SP='NO' D=0.112 D-cutoff=0.570 Networks=SignalP-noTM
>Q9HUF7 
# Measure  Position  Value    Cutoff   signal peptide?
  max. C    70       0.101
  max. Y    44       0.110
  max. S    39       0.134
  mean S     1-43    0.100
       D     1-43    0.105   0.570   NO
Name=Q9HUF7	SP='NO' D=0.105 D-cutoff=0.570 Networks=SignalP-noTM
>Q88LK1 
# Measure  Position  Value    Cutoff   signal peptide?
  max. C    51       0.123
  max. Y    51       0.117
  max. S    49       0.168
  mean S     1-50    0.107
       D     1-50    0.112   0.570   NO
Name=Q88LK1	SP='NO' D=0.112 D-cutoff=0.570 Networks=SignalP-noTM
>A4VFY3 
# Measure  Position  Value    Cutoff   signal peptide?
  max. C    42       0.123
  max. Y    51       0.122
  max. S    41       0.207
  mean S     1-50    0.111
       D     1-50    0.117   0.570   NO
Name=A4VFY3	SP='NO' D=0.117 D-cutoff=0.570 Networks=SignalP-noTM
>A1SX24 
# Measure  Position  Value    Cutoff   signal peptide?
  max. C    18       0.106
  max. Y    18       0.134
  max. S    17       0.189
  mean S     1-17    0.164
       D     1-17    0.148   0.570   NO
Name=A1SX24	SP='NO' D=0.148 D-cutoff=0.570 Networks=SignalP-noTM
>Q2K619 
# Measure  Position  Value    Cutoff   signal peptide?
  max. C    68       0.099
  max. Y    68       0.105
  max. S    64       0.117
  mean S     1-67    0.088
       D     1-67    0.097   0.570   NO
Name=Q2K619	SP='NO' D=0.097 D-cutoff=0.570 Networks=SignalP-noTM
>Q6N8N2 
# Measure  Position  Value    Cutoff   signal peptide?
  max. C    18       0.146
  max. Y    18       0.130
  max. S     1       0.230
  mean S     1-17    0.139
       D     1-17    0.134   0.570   NO
Name=Q6N8N2	SP='NO' D=0.134 D-cutoff=0.570 Networks=SignalP-noTM
>Q5LS56 
# Measure  Position  Value    Cutoff   signal peptide?
  max. C    19       0.171
  max. Y    19       0.130
  max. S    35       0.171
  mean S     1-18    0.087
       D     1-18    0.110   0.570   NO
Name=Q5LS56	SP='NO' D=0.110 D-cutoff=0.570 Networks=SignalP-noTM
>A9ML30 
# Measure  Position  Value    Cutoff   signal peptide?
  max. C    64       0.128
  max. Y    39       0.119
  max. S    32       0.177
  mean S     1-38    0.117
       D     1-38    0.118   0.570   NO
Name=A9ML30	SP='NO' D=0.118 D-cutoff=0.570 Networks=SignalP-noTM
>A0A0F6B244 
# Measure  Position  Value    Cutoff   signal peptide?
  max. C    19       0.173
  max. Y    19       0.137
  max. S     6       0.170
  mean S     1-18    0.121
       D     1-18    0.129   0.570   NO
Name=A0A0F6B244	SP='NO' D=0.129 D-cutoff=0.570 Networks=SignalP-noTM
>D0ZSY9 
# Measure  Position  Value    Cutoff   signal peptide?
  max. C    44       0.111
  max. Y    44       0.112
  max. S    43       0.140
  mean S     1-43    0.104
       D     1-43    0.108   0.570   NO
Name=D0ZSY9	SP='NO' D=0.108 D-cutoff=0.570 Networks=SignalP-noTM
>Q7CP78 
# Measure  Position  Value    Cutoff   signal peptide?
  max. C    21       0.115
  max. Y    32       0.107
  max. S     1       0.134
  mean S     1-31    0.107
       D     1-31    0.107   0.570   NO
Name=Q7CP78	SP='NO' D=0.107 D-cutoff=0.570 Networks=SignalP-noTM
>Q12MQ7 
# Measure  Position  Value    Cutoff   signal peptide?
  max. C    48       0.134
  max. Y    48       0.118
  max. S     7       0.139
  mean S     1-47    0.115
       D     1-47    0.117   0.570   NO
Name=Q12MQ7	SP='NO' D=0.117 D-cutoff=0.570 Networks=SignalP-noTM
>Q2NR38 
# Measure  Position  Value    Cutoff   signal peptide?
  max. C    63       0.108
  max. Y    70       0.103
  max. S    69       0.115
  mean S     1-69    0.085
       D     1-69    0.095   0.570   NO
Name=Q2NR38	SP='NO' D=0.095 D-cutoff=0.570 Networks=SignalP-noTM
>Q8DLQ0 
# Measure  Position  Value    Cutoff   signal peptide?
  max. C    51       0.158
  max. Y    51       0.145
  max. S    46       0.166
  mean S     1-50    0.099
       D     1-50    0.123   0.570   NO
Name=Q8DLQ0	SP='NO' D=0.123 D-cutoff=0.570 Networks=SignalP-noTM
>Q9WXT2 
# Measure  Position  Value    Cutoff   signal peptide?
  max. C    58       0.100
  max. Y    31       0.110
  max. S    24       0.134
  mean S     1-30    0.095
       D     1-30    0.103   0.570   NO
Name=Q9WXT2	SP='NO' D=0.103 D-cutoff=0.570 Networks=SignalP-noTM
>Q9WZM6 
# Measure  Position  Value    Cutoff   signal peptide?
  max. C    42       0.124
  max. Y    11       0.128
  max. S     6       0.232
  mean S     1-10    0.171
       D     1-10    0.148   0.570   NO
Name=Q9WZM6	SP='NO' D=0.148 D-cutoff=0.570 Networks=SignalP-noTM
>Q9WZX7 
# Measure  Position  Value    Cutoff   signal peptide?
  max. C     6       0.111
  max. Y    34       0.110
  max. S     1       0.140
  mean S     1-33    0.096
       D     1-33    0.104   0.570   NO
Name=Q9WZX7	SP='NO' D=0.104 D-cutoff=0.570 Networks=SignalP-noTM
>Q9X0X1 
# Measure  Position  Value    Cutoff   signal peptide?
  max. C     8       0.108
  max. Y    33       0.118
  max. S    23       0.168
  mean S     1-32    0.120
       D     1-32    0.119   0.570   NO
Name=Q9X0X1	SP='NO' D=0.119 D-cutoff=0.570 Networks=SignalP-noTM
>Q53W05 
# Measure  Position  Value    Cutoff   signal peptide?
  max. C    50       0.146
  max. Y    50       0.139
  max. S    47       0.188
  mean S     1-49    0.114
       D     1-49    0.127   0.570   NO
Name=Q53W05	SP='NO' D=0.127 D-cutoff=0.570 Networks=SignalP-noTM
>Q5SHZ4 
# Measure  Position  Value    Cutoff   signal peptide?
  max. C    25       0.106
  max. Y    68       0.102
  max. S     2       0.120
  mean S     1-67    0.091
       D     1-67    0.097   0.570   NO
Name=Q5SHZ4	SP='NO' D=0.097 D-cutoff=0.570 Networks=SignalP-noTM
>Q5SII2 
# Measure  Position  Value    Cutoff   signal peptide?
  max. C    23       0.125
  max. Y    23       0.134
  max. S    22       0.296
  mean S     1-22    0.146
       D     1-22    0.140   0.570   NO
Name=Q5SII2	SP='NO' D=0.140 D-cutoff=0.570 Networks=SignalP-noTM
>Q5SJV1 
# Measure  Position  Value    Cutoff   signal peptide?
  max. C    18       0.114
  max. Y    63       0.103
  max. S    57       0.113
  mean S     1-62    0.086
       D     1-62    0.095   0.570   NO
Name=Q5SJV1	SP='NO' D=0.095 D-cutoff=0.570 Networks=SignalP-noTM
>Q72HA9 
# Measure  Position  Value    Cutoff   signal peptide?
  max. C    28       0.114
  max. Y    19       0.111
  max. S    16       0.205
  mean S     1-18    0.113
       D     1-18    0.112   0.570   NO
Name=Q72HA9	SP='NO' D=0.112 D-cutoff=0.570 Networks=SignalP-noTM
>Q746I8 
# Measure  Position  Value    Cutoff   signal peptide?
  max. C    40       0.129
  max. Y    40       0.121
  max. S     1       0.168
  mean S     1-39    0.109
       D     1-39    0.115   0.570   NO
Name=Q746I8	SP='NO' D=0.115 D-cutoff=0.570 Networks=SignalP-noTM
>Q84FH6 
# Measure  Position  Value    Cutoff   signal peptide?
  max. C    62       0.189
  max. Y    62       0.138
  max. S    11       0.144
  mean S     1-61    0.093
       D     1-61    0.117   0.570   NO
Name=Q84FH6	SP='NO' D=0.117 D-cutoff=0.570 Networks=SignalP-noTM
>C6YCI2 
# Measure  Position  Value    Cutoff   signal peptide?
  max. C    61       0.111
  max. Y    61       0.107
  max. S    54       0.132
  mean S     1-60    0.092
       D     1-60    0.100   0.570   NO
Name=C6YCI2	SP='NO' D=0.100 D-cutoff=0.570 Networks=SignalP-noTM
>Q9KUA9 
# Measure  Position  Value    Cutoff   signal peptide?
  max. C    55       0.119
  max. Y    55       0.122
  max. S     2       0.187
  mean S     1-54    0.119
       D     1-54    0.120   0.570   NO
Name=Q9KUA9	SP='NO' D=0.120 D-cutoff=0.570 Networks=SignalP-noTM
>Q87RD1 
# Measure  Position  Value    Cutoff   signal peptide?
  max. C    33       0.113
  max. Y    33       0.125
  max. S     3       0.187
  mean S     1-32    0.134
       D     1-32    0.129   0.570   NO
Name=Q87RD1	SP='NO' D=0.129 D-cutoff=0.570 Networks=SignalP-noTM
>Q7CKM4 
# Measure  Position  Value    Cutoff   signal peptide?
  max. C    35       0.109
  max. Y    36       0.100
  max. S    26       0.097
  mean S     1-35    0.070
       D     1-35    0.086   0.570   NO
Name=Q7CKM4	SP='NO' D=0.086 D-cutoff=0.570 Networks=SignalP-noTM
